#
# A fatal error has been detected by the Java Runtime Environment:
#
#  EXCEPTION_ACCESS_VIOLATION (0xc0000005) at pc=0x00007ffdb3cc4edf, pid=13076, tid=0x00000000000028bc
#
# JRE version: Java(TM) SE Runtime Environment (8.0_202-b08) (build 1.8.0_202-b08)
# Java VM: Java HotSpot(TM) 64-Bit Server VM (25.202-b08 mixed mode windows-amd64 compressed oops)
# Problematic frame:
# C  [ntdll.dll+0x14edf]
#
# Failed to write core dump. Minidumps are not enabled by default on client versions of Windows
#
# If you would like to submit a bug report, please visit:
#   http://bugreport.java.com/bugreport/crash.jsp
# The crash happened outside the Java Virtual Machine in native code.
# See problematic frame for where to report the bug.
#

---------------  T H R E A D  ---------------

Current thread (0x0000000002f98000):  JavaThread "main" [_thread_in_native, id=10428, stack(0x0000000002bd0000,0x0000000002cd0000)]

siginfo: ExceptionCode=0xc0000005, reading address 0x0000000000000024

Registers:
RAX=0x0000000000000000, RBX=0x0000000000000000, RCX=0x0000000036dc5306, RDX=0x0000000000000000
RSP=0x0000000002ccee30, RBP=0x000000001e4f4040, RSI=0x0000000000000000, RDI=0x0000000000f80000
R8 =0x000000001e4f4050, R9 =0x0000000002ae9810, R10=0x00000000030a8c3b, R11=0x0000000052b6cf20
R12=0x0000000000000000, R13=0x0000000000000000, R14=0x0000000000000000, R15=0x0000000002f98000
RIP=0x00007ffdb3cc4edf, EFLAGS=0x0000000000010206

Top of Stack: (sp=0x0000000002ccee30)
0x0000000002ccee30:   0000000000000001 000000001e4f4050
0x0000000002ccee40:   0000000002f98000 0000000002cceeb0
0x0000000002ccee50:   0000000024d50101 0000000002f98000
0x0000000002ccee60:   0000000002f98000 0000000000000000
0x0000000002ccee70:   0000000000000000 00007ffd856b7786
0x0000000002ccee80:   0000000000f80000 0000000000000001
0x0000000002ccee90:   0000000000f80000 000000001e4f4050
0x0000000002cceea0:   0000000024d58500 0000000052a6d814
0x0000000002cceeb0:   0000000002f98000 0000000002ccefa8
0x0000000002cceec0:   0000000024d58500 0000000000000000
0x0000000002cceed0:   000000001e4e4050 00007ffd86be5218
0x0000000002cceee0:   0000000024d58500 0000000002f98000
0x0000000002cceef0:   0000000002ccef80 0000000000000010
0x0000000002ccef00:   0000000024d58500 00000000030a8c67
0x0000000002ccef10:   0000000002f98000 0000000000000000
0x0000000002ccef20:   0000000000000010 0000000002f98000 

Instructions: (pc=0x00007ffdb3cc4edf)
0x00007ffdb3cc4ebf:   4d 08 33 0d 89 85 14 00 33 cf 66 85 c9 0f 85 2b
0x00007ffdb3cc4ecf:   41 09 00 48 c1 e9 0c 48 8b c5 48 2b c1 48 8b 00
0x00007ffdb3cc4edf:   44 0f b7 40 24 0f b6 4d 0f 80 f9 05 0f 84 1e 41
0x00007ffdb3cc4eef:   09 00 f6 c1 40 0f 85 28 41 09 00 0f b6 c1 24 3f 


Register to memory mapping:

RAX=0x0000000000000000 is an unknown value
RBX=0x0000000000000000 is an unknown value
RCX=0x0000000036dc5306 is an unknown value
RDX=0x0000000000000000 is an unknown value
RSP=0x0000000002ccee30 is pointing into the stack for thread: 0x0000000002f98000
RBP=0x000000001e4f4040 is an unknown value
RSI=0x0000000000000000 is an unknown value
RDI=0x0000000000f80000 is an unknown value
R8 =0x000000001e4f4050 is an unknown value
R9 =0x0000000002ae9810 is an unknown value
R10=0x00000000030a8c3b is at code_begin+891 in an Interpreter codelet
method entry point (kind = native)  [0x00000000030a88c0, 0x00000000030a9280]  2496 bytes
R11=0x0000000052b6cf20 is an unknown value
R12=0x0000000000000000 is an unknown value
R13=0x0000000000000000 is an unknown value
R14=0x0000000000000000 is an unknown value
R15=0x0000000002f98000 is a thread


Stack: [0x0000000002bd0000,0x0000000002cd0000],  sp=0x0000000002ccee30,  free space=1019k
Native frames: (J=compiled Java code, j=interpreted, Vv=VM code, C=native code)
C  [ntdll.dll+0x14edf]
C  [AcLayers.DLL+0x7786]
C  [lwjgl.dll+0x25218]
C  0x00000000030a8c67

Java frames: (J=compiled Java code, j=interpreted, Vv=VM code)
j  org.lwjgl.stb.STBImage.nstbi_image_free(J)V+0
j  org.lwjgl.stb.STBImage.stbi_image_free(Ljava/nio/ByteBuffer;)V+4
j  engine.util.Texture.destroy()V+4
j  main.Game.run()V+413
j  engine.Base.init()V+364
j  engine.Base.start()V+28
j  main.Main.main([Ljava/lang/String;)V+27
v  ~StubRoutines::call_stub

---------------  P R O C E S S  ---------------

Java Threads: ( => current thread )
  0x0000000019128800 JavaThread "AWT-Windows" daemon [_thread_in_native, id=11924, stack(0x0000000019cf0000,0x0000000019df0000)]
  0x0000000019124800 JavaThread "Java2D Disposer" daemon [_thread_blocked, id=4048, stack(0x0000000019af0000,0x0000000019bf0000)]
  0x00000000187ad000 JavaThread "Service Thread" daemon [_thread_blocked, id=9504, stack(0x0000000018cb0000,0x0000000018db0000)]
  0x00000000186af800 JavaThread "C1 CompilerThread1" daemon [_thread_blocked, id=7916, stack(0x0000000018bb0000,0x0000000018cb0000)]
  0x00000000186aa800 JavaThread "C2 CompilerThread0" daemon [_thread_blocked, id=10332, stack(0x0000000018ab0000,0x0000000018bb0000)]
  0x00000000186a7000 JavaThread "Monitor Ctrl-Break" daemon [_thread_in_native, id=10256, stack(0x00000000189b0000,0x0000000018ab0000)]
  0x00000000175f7800 JavaThread "Attach Listener" daemon [_thread_blocked, id=2512, stack(0x00000000184b0000,0x00000000185b0000)]
  0x00000000175f4800 JavaThread "Signal Dispatcher" daemon [_thread_blocked, id=9020, stack(0x00000000183b0000,0x00000000184b0000)]
  0x0000000017591800 JavaThread "Finalizer" daemon [_thread_blocked, id=1788, stack(0x00000000181b0000,0x00000000182b0000)]
  0x0000000017582800 JavaThread "Reference Handler" daemon [_thread_blocked, id=5492, stack(0x00000000180b0000,0x00000000181b0000)]
=>0x0000000002f98000 JavaThread "main" [_thread_in_native, id=10428, stack(0x0000000002bd0000,0x0000000002cd0000)]

Other Threads:
  0x0000000017553000 VMThread [stack: 0x0000000017fb0000,0x00000000180b0000] [id=13112]
  0x00000000187b7000 WatcherThread [stack: 0x0000000018db0000,0x0000000018eb0000] [id=104]

VM state:not at safepoint (normal execution)

VM Mutex/Monitor currently owned by a thread: None

heap address: 0x0000000088800000, size: 1912 MB, Compressed Oops mode: 32-bit
Narrow klass base: 0x0000000000000000, Narrow klass shift: 3
Compressed class space size: 1073741824 Address: 0x0000000100000000

Heap:
 PSYoungGen      total 35840K, used 7763K [0x00000000d8300000, 0x00000000dab00000, 0x0000000100000000)
  eden space 30720K, 8% used [0x00000000d8300000,0x00000000d85952c0,0x00000000da100000)
  from space 5120K, 99% used [0x00000000da100000,0x00000000da5ffad0,0x00000000da600000)
  to   space 5120K, 0% used [0x00000000da600000,0x00000000da600000,0x00000000dab00000)
 ParOldGen       total 81920K, used 1375K [0x0000000088800000, 0x000000008d800000, 0x00000000d8300000)
  object space 81920K, 1% used [0x0000000088800000,0x0000000088957f38,0x000000008d800000)
 Metaspace       used 13696K, capacity 13905K, committed 14208K, reserved 1062912K
  class space    used 1189K, capacity 1284K, committed 1408K, reserved 1048576K

Card table byte_map: [0x0000000012450000,0x0000000012810000] byte_map_base: 0x000000001200c000

Marking Bits: (ParMarkBitMap*) 0x0000000053165ce0
 Begin Bits: [0x0000000012c90000, 0x0000000014a70000)
 End Bits:   [0x0000000014a70000, 0x0000000016850000)

Polling page: 0x0000000000f60000

CodeCache: size=245760Kb used=3345Kb max_used=3356Kb free=242414Kb
 bounds [0x0000000003090000, 0x00000000033e0000, 0x0000000012090000]
 total_blobs=1846 nmethods=819 adapters=940
 compilation: enabled

Compilation events (10 events):
Event: 5.679 Thread 0x00000000186af800  818 %     3       engine.model.Model::<init> @ 81 (124 bytes)
Event: 5.680 Thread 0x00000000186af800 nmethod 818% 0x00000000033d2cd0 code [0x00000000033d2f00, 0x00000000033d3a28]
Event: 5.680 Thread 0x00000000186aa800  819 %     4       engine.model.Model::<init> @ 81 (124 bytes)
Event: 5.680 Thread 0x00000000186af800  815       3       java.lang.ref.Finalizer::hasBeenFinalized (14 bytes)
Event: 5.680 Thread 0x00000000186af800 nmethod 815 0x00000000033d3fd0 code [0x00000000033d4120, 0x00000000033d42d0]
Event: 5.680 Thread 0x00000000186af800  816   !   3       java.lang.ref.Finalizer::remove (94 bytes)
Event: 5.680 Thread 0x00000000186af800 nmethod 816 0x00000000033d4350 code [0x00000000033d44c0, 0x00000000033d4990]
Event: 5.680 Thread 0x00000000186af800  817       3       java.lang.System$2::invokeFinalize (5 bytes)
Event: 5.681 Thread 0x00000000186af800 nmethod 817 0x00000000033d4ad0 code [0x00000000033d4c40, 0x00000000033d4e68]
Event: 5.683 Thread 0x00000000186aa800 nmethod 819% 0x00000000033d7d10 code [0x00000000033d7e60, 0x00000000033d8058]

GC Heap History (2 events):
Event: 5.663 GC heap before
{Heap before GC invocations=1 (full 0):
 PSYoungGen      total 35840K, used 30650K [0x00000000d8300000, 0x00000000dab00000, 0x0000000100000000)
  eden space 30720K, 99% used [0x00000000d8300000,0x00000000da0eeaa8,0x00000000da100000)
  from space 5120K, 0% used [0x00000000da600000,0x00000000da600000,0x00000000dab00000)
  to   space 5120K, 0% used [0x00000000da100000,0x00000000da100000,0x00000000da600000)
 ParOldGen       total 81920K, used 0K [0x0000000088800000, 0x000000008d800000, 0x00000000d8300000)
  object space 81920K, 0% used [0x0000000088800000,0x0000000088800000,0x000000008d800000)
 Metaspace       used 13684K, capacity 13905K, committed 14208K, reserved 1062912K
  class space    used 1189K, capacity 1284K, committed 1408K, reserved 1048576K
Event: 5.672 GC heap after
Heap after GC invocations=1 (full 0):
 PSYoungGen      total 35840K, used 5118K [0x00000000d8300000, 0x00000000dab00000, 0x0000000100000000)
  eden space 30720K, 0% used [0x00000000d8300000,0x00000000d8300000,0x00000000da100000)
  from space 5120K, 99% used [0x00000000da100000,0x00000000da5ffad0,0x00000000da600000)
  to   space 5120K, 0% used [0x00000000da600000,0x00000000da600000,0x00000000dab00000)
 ParOldGen       total 81920K, used 1375K [0x0000000088800000, 0x000000008d800000, 0x00000000d8300000)
  object space 81920K, 1% used [0x0000000088800000,0x0000000088957f38,0x000000008d800000)
 Metaspace       used 13684K, capacity 13905K, committed 14208K, reserved 1062912K
  class space    used 1189K, capacity 1284K, committed 1408K, reserved 1048576K
}

Deoptimization events (1 events):
Event: 1.524 Thread 0x0000000002f98000 Uncommon trap: reason=null_check action=make_not_entrant pc=0x0000000003236014 method=java.lang.String.equals(Ljava/lang/Object;)Z @ 8

Classes redefined (0 events):
No events

Internal exceptions (10 events):
Event: 0.482 Thread 0x0000000002f98000 Exception <a 'java/security/PrivilegedActionException'> (0x00000000d857e3e0) thrown at [C:\re\workspace\8-2-build-windows-amd64-cygwin\jdk8u202\12323\hotspot\src\share\vm\prims\jvm.cpp, line 1502]
Event: 0.482 Thread 0x0000000002f98000 Exception <a 'java/security/PrivilegedActionException'> (0x00000000d857e5f0) thrown at [C:\re\workspace\8-2-build-windows-amd64-cygwin\jdk8u202\12323\hotspot\src\share\vm\prims\jvm.cpp, line 1502]
Event: 0.497 Thread 0x0000000002f98000 Exception <a 'java/io/FileNotFoundException'> (0x00000000d8591eb8) thrown at [C:\re\workspace\8-2-build-windows-amd64-cygwin\jdk8u202\12323\hotspot\src\share\vm\prims\jni.cpp, line 710]
Event: 0.649 Thread 0x0000000002f98000 Exception <a 'java/lang/NoSuchFieldError': method resolution failed> (0x00000000d875bb58) thrown at [C:\re\workspace\8-2-build-windows-amd64-cygwin\jdk8u202\12323\hotspot\src\share\vm\prims\methodHandles.cpp, line 1167]
Event: 0.661 Thread 0x0000000002f98000 Exception <a 'java/lang/NoSuchFieldError': method resolution failed> (0x00000000d87699d0) thrown at [C:\re\workspace\8-2-build-windows-amd64-cygwin\jdk8u202\12323\hotspot\src\share\vm\prims\methodHandles.cpp, line 1167]
Event: 0.842 Thread 0x0000000002f98000 Exception <a 'java/io/FileNotFoundException'> (0x00000000d88c8260) thrown at [C:\re\workspace\8-2-build-windows-amd64-cygwin\jdk8u202\12323\hotspot\src\share\vm\prims\jni.cpp, line 710]
Event: 1.524 Thread 0x0000000002f98000 Implicit null exception at 0x0000000003235e5b to 0x0000000003236005
Event: 1.636 Thread 0x0000000002f98000 Exception <a 'java/lang/NoSuchMethodError': java.lang.Object.lambda$static$0(Ljava/lang/String;)Ljava/lang/Boolean;> (0x00000000d8c9b228) thrown at [C:\re\workspace\8-2-build-windows-amd64-cygwin\jdk8u202\12323\hotspot\src\share\vm\interpreter\linkResolve
Event: 3.984 Thread 0x0000000002f98000 Exception <a 'sun/nio/fs/WindowsException'> (0x00000000d90eee38) thrown at [C:\re\workspace\8-2-build-windows-amd64-cygwin\jdk8u202\12323\hotspot\src\share\vm\prims\jni.cpp, line 710]
Event: 3.984 Thread 0x0000000002f98000 Exception <a 'sun/nio/fs/WindowsException'> (0x00000000d90f0838) thrown at [C:\re\workspace\8-2-build-windows-amd64-cygwin\jdk8u202\12323\hotspot\src\share\vm\prims\jni.cpp, line 710]

Events (10 events):
Event: 5.676 Executing VM operation: RevokeBias
Event: 5.676 Executing VM operation: RevokeBias done
Event: 5.676 Executing VM operation: RevokeBias
Event: 5.676 Executing VM operation: RevokeBias done
Event: 5.676 Executing VM operation: RevokeBias
Event: 5.676 Executing VM operation: RevokeBias done
Event: 5.676 Executing VM operation: RevokeBias
Event: 5.676 Executing VM operation: RevokeBias done
Event: 5.676 Executing VM operation: RevokeBias
Event: 5.676 Executing VM operation: RevokeBias done


Dynamic libraries:
0x00007ff7e3e60000 - 0x00007ff7e3e97000 	C:\Program Files\Java\jdk1.8.0_202\bin\java.exe
0x00007ffdb3cb0000 - 0x00007ffdb3e91000 	C:\WINDOWS\SYSTEM32\ntdll.dll
0x00007ffdb2fe0000 - 0x00007ffdb3092000 	C:\WINDOWS\System32\KERNEL32.DLL
0x00007ffdb0ac0000 - 0x00007ffdb0d33000 	C:\WINDOWS\System32\KERNELBASE.dll
0x00007ffdae340000 - 0x00007ffdae3cb000 	C:\WINDOWS\SYSTEM32\apphelp.dll
0x00007ffd856b0000 - 0x00007ffd85b3f000 	C:\WINDOWS\SYSTEM32\AcLayers.DLL
0x00007ffdb32d0000 - 0x00007ffdb336e000 	C:\WINDOWS\System32\msvcrt.dll
0x00007ffdb1880000 - 0x00007ffdb1a10000 	C:\WINDOWS\System32\USER32.dll
0x00007ffdb0050000 - 0x00007ffdb0070000 	C:\WINDOWS\System32\win32u.dll
0x00007ffdb1a10000 - 0x00007ffdb1a38000 	C:\WINDOWS\System32\GDI32.dll
0x00007ffdb0f70000 - 0x00007ffdb1102000 	C:\WINDOWS\System32\gdi32full.dll
0x00007ffdb0830000 - 0x00007ffdb08cf000 	C:\WINDOWS\System32\msvcp_win.dll
0x00007ffdb0d90000 - 0x00007ffdb0e8a000 	C:\WINDOWS\System32\ucrtbase.dll
0x00007ffdb3bf0000 - 0x00007ffdb3c41000 	C:\WINDOWS\System32\SHLWAPI.dll
0x00007ffdb11f0000 - 0x00007ffdb1513000 	C:\WINDOWS\System32\combase.dll
0x00007ffdb30b0000 - 0x00007ffdb31d4000 	C:\WINDOWS\System32\RPCRT4.dll
0x00007ffdb0ef0000 - 0x00007ffdb0f6a000 	C:\WINDOWS\System32\bcryptPrimitives.dll
0x00007ffdaa760000 - 0x00007ffdaa7e4000 	C:\WINDOWS\SYSTEM32\WINSPOOL.DRV
0x00007ffdb0010000 - 0x00007ffdb0021000 	C:\WINDOWS\System32\kernel.appcore.dll
0x00007ffdad9f0000 - 0x00007ffdadba4000 	C:\WINDOWS\SYSTEM32\PROPSYS.dll
0x00007ffdb17b0000 - 0x00007ffdb1872000 	C:\WINDOWS\System32\OLEAUT32.dll
0x00007ffdb3a30000 - 0x00007ffdb3ad9000 	C:\WINDOWS\System32\shcore.dll
0x00007ffdb3270000 - 0x00007ffdb32cb000 	C:\WINDOWS\System32\sechost.dll
0x00007ffdaf590000 - 0x00007ffdaf5c8000 	C:\WINDOWS\SYSTEM32\IPHLPAPI.DLL
0x00007ffdafaf0000 - 0x00007ffdafb15000 	C:\WINDOWS\SYSTEM32\bcrypt.dll
0x0000000000bb0000 - 0x0000000000bb3000 	C:\WINDOWS\SYSTEM32\sfc.dll
0x00007ffd95300000 - 0x00007ffd95313000 	C:\WINDOWS\SYSTEM32\sfc_os.DLL
0x00007ffdb1770000 - 0x00007ffdb179d000 	C:\WINDOWS\System32\IMM32.DLL
0x00007ffdb1520000 - 0x00007ffdb15c1000 	C:\WINDOWS\System32\ADVAPI32.dll
0x00007ffda8180000 - 0x00007ffda83e9000 	C:\WINDOWS\WinSxS\amd64_microsoft.windows.common-controls_6595b64144ccf1df_6.0.17134.1_none_e4da93291059d8fb\COMCTL32.dll
0x00000000531f0000 - 0x00000000532c2000 	C:\Program Files\Java\jdk1.8.0_202\jre\bin\msvcr100.dll
0x0000000052940000 - 0x00000000531e5000 	C:\Program Files\Java\jdk1.8.0_202\jre\bin\server\jvm.dll
0x00007ffdb30a0000 - 0x00007ffdb30a8000 	C:\WINDOWS\System32\PSAPI.DLL
0x00007ffd9ede0000 - 0x00007ffd9ede9000 	C:\WINDOWS\SYSTEM32\WSOCK32.dll
0x00007ffdb31e0000 - 0x00007ffdb324c000 	C:\WINDOWS\System32\WS2_32.dll
0x00007ffdae230000 - 0x00007ffdae253000 	C:\WINDOWS\SYSTEM32\WINMM.dll
0x00007ffdaaf30000 - 0x00007ffdaaf3a000 	C:\WINDOWS\SYSTEM32\VERSION.dll
0x00007ffdae200000 - 0x00007ffdae22a000 	C:\WINDOWS\SYSTEM32\WINMMBASE.dll
0x00007ffdb0d40000 - 0x00007ffdb0d89000 	C:\WINDOWS\System32\cfgmgr32.dll
0x00007ffda06d0000 - 0x00007ffda06df000 	C:\Program Files\Java\jdk1.8.0_202\jre\bin\verify.dll
0x00007ffd89fe0000 - 0x00007ffd8a009000 	C:\Program Files\Java\jdk1.8.0_202\jre\bin\java.dll
0x00007ffd99410000 - 0x00007ffd99433000 	C:\Program Files\Java\jdk1.8.0_202\jre\bin\instrument.dll
0x00007ffd9ef10000 - 0x00007ffd9ef26000 	C:\Program Files\Java\jdk1.8.0_202\jre\bin\zip.dll
0x00007ffdb1a40000 - 0x00007ffdb2e80000 	C:\WINDOWS\System32\SHELL32.dll
0x00007ffdb0120000 - 0x00007ffdb082d000 	C:\WINDOWS\System32\windows.storage.dll
0x00007ffdafff0000 - 0x00007ffdb000f000 	C:\WINDOWS\System32\profapi.dll
0x00007ffdaffa0000 - 0x00007ffdaffec000 	C:\WINDOWS\System32\powrprof.dll
0x00007ffdaff90000 - 0x00007ffdaff9a000 	C:\WINDOWS\System32\FLTLIB.DLL
0x00007ffd9ef90000 - 0x00007ffd9efaa000 	C:\Program Files\JetBrains\IntelliJ IDEA Community Edition 2019.1.3\bin\breakgen64.dll
0x00007ffd9ec40000 - 0x00007ffd9ec5a000 	C:\Program Files\Java\jdk1.8.0_202\jre\bin\net.dll
0x00007ffda22b0000 - 0x00007ffda247c000 	C:\WINDOWS\SYSTEM32\urlmon.dll
0x00007ffda2630000 - 0x00007ffda28d2000 	C:\WINDOWS\SYSTEM32\iertutil.dll
0x00007ffdaf9c0000 - 0x00007ffdaf9cb000 	C:\WINDOWS\SYSTEM32\CRYPTBASE.DLL
0x00007ffdaf810000 - 0x00007ffdaf876000 	C:\WINDOWS\system32\mswsock.dll
0x00007ffd85040000 - 0x00007ffd851d9000 	C:\Program Files\Java\jdk1.8.0_202\jre\bin\awt.dll
0x00007ffdae7d0000 - 0x00007ffdae7f9000 	C:\WINDOWS\system32\DWMAPI.DLL
0x00007ffdae5a0000 - 0x00007ffdae638000 	C:\WINDOWS\system32\uxtheme.dll
0x00007ffd85410000 - 0x00007ffd85530000 	C:\WINDOWS\system32\opengl32.dll
0x00007ffd98120000 - 0x00007ffd9814c000 	C:\WINDOWS\SYSTEM32\GLU32.dll
0x00007ffdb3370000 - 0x00007ffdb34e5000 	C:\WINDOWS\System32\MSCTF.dll
0x00007ffdb2e80000 - 0x00007ffdb2fd1000 	C:\WINDOWS\System32\ole32.dll
0x00007ffda8c80000 - 0x00007ffda8e17000 	C:\WINDOWS\system32\d3d9.dll
0x00007ffdaaf40000 - 0x00007ffdab02e000 	C:\WINDOWS\System32\DriverStore\FileRepository\nv_dispi.inf_amd64_eb70302dbb727c2d\nvldumdx.dll
0x00007ffdb08d0000 - 0x00007ffdb0ab2000 	C:\WINDOWS\System32\crypt32.dll
0x00007ffdb0030000 - 0x00007ffdb0042000 	C:\WINDOWS\System32\MSASN1.dll
0x00007ffdb0e90000 - 0x00007ffdb0ee7000 	C:\WINDOWS\System32\WINTRUST.DLL
0x00007ffdb3250000 - 0x00007ffdb326d000 	C:\WINDOWS\System32\imagehlp.dll
0x00007ffdaf9d0000 - 0x00007ffdaf9e7000 	C:\WINDOWS\SYSTEM32\CRYPTSP.dll
0x00007ffdaf3f0000 - 0x00007ffdaf423000 	C:\WINDOWS\system32\rsaenh.dll
0x00007ffd7b420000 - 0x00007ffd7c8b9000 	C:\WINDOWS\System32\DriverStore\FileRepository\nv_dispi.inf_amd64_eb70302dbb727c2d\nvd3dumx.dll
0x00007ffd84a40000 - 0x00007ffd84d06000 	C:\WINDOWS\system32\nvspcap64.dll
0x00007ffdaf080000 - 0x00007ffdaf0b1000 	C:\WINDOWS\SYSTEM32\ntmarta.dll
0x00007ffdaecd0000 - 0x00007ffdaecf2000 	C:\WINDOWS\SYSTEM32\gpapi.dll
0x00007ffda5510000 - 0x00007ffda553e000 	C:\WINDOWS\SYSTEM32\cryptnet.dll
0x00007ffd99350000 - 0x00007ffd99362000 	C:\Program Files\Java\jdk1.8.0_202\jre\bin\nio.dll
0x00007ffd86bc0000 - 0x00007ffd86c32000 	C:\Users\Denis\AppData\Local\Temp\lwjglDenis\3.2.2-build-10\lwjgl.dll
0x00007ffd89160000 - 0x00007ffd891be000 	C:\Users\Denis\AppData\Local\Temp\lwjglDenis\3.2.2-build-10\glfw.dll
0x00007ffd88f70000 - 0x00007ffd88fb3000 	C:\WINDOWS\SYSTEM32\dinput8.dll
0x00007ffd9ef40000 - 0x00007ffd9ef50000 	C:\WINDOWS\SYSTEM32\xinput1_4.dll
0x00007ffdafda0000 - 0x00007ffdafdc7000 	C:\WINDOWS\SYSTEM32\DEVOBJ.dll
0x00007ffda3910000 - 0x00007ffda3989000 	C:\WINDOWS\SYSTEM32\inputhost.dll
0x00007ffdad910000 - 0x00007ffdad9ea000 	C:\WINDOWS\SYSTEM32\CoreMessaging.dll
0x00007ffdab150000 - 0x00007ffdab29d000 	C:\WINDOWS\SYSTEM32\wintypes.dll
0x00007ffdab310000 - 0x00007ffdab62e000 	C:\WINDOWS\SYSTEM32\CoreUIComponents.dll
0x00007ffdaecc0000 - 0x00007ffdaeccc000 	C:\WINDOWS\SYSTEM32\HID.DLL
0x00007ffdb35e0000 - 0x00007ffdb3a2b000 	C:\WINDOWS\System32\SETUPAPI.DLL
0x00000000501f0000 - 0x0000000052936000 	C:\WINDOWS\System32\DriverStore\FileRepository\nv_dispi.inf_amd64_eb70302dbb727c2d\nvoglv64.dll
0x00007ffdae050000 - 0x00007ffdae063000 	C:\WINDOWS\SYSTEM32\WTSAPI32.dll
0x00007ffdaf0f0000 - 0x00007ffdaf146000 	C:\WINDOWS\SYSTEM32\WINSTA.dll
0x00007ffd85bd0000 - 0x00007ffd85c28000 	C:\Users\Denis\AppData\Local\Temp\lwjglDenis\3.2.2-build-10\lwjgl_opengl.dll
0x00007ffd84fc0000 - 0x00007ffd8503f000 	C:\Users\Denis\AppData\Local\Temp\lwjglDenis\3.2.2-build-10\lwjgl_stb.dll
0x00007ffd9c2d0000 - 0x00007ffd9c499000 	C:\WINDOWS\SYSTEM32\dbghelp.dll

VM Arguments:
jvm_args: -javaagent:C:\Program Files\JetBrains\IntelliJ IDEA Community Edition 2019.1.3\lib\idea_rt.jar=58882:C:\Program Files\JetBrains\IntelliJ IDEA Community Edition 2019.1.3\bin -Dfile.encoding=UTF-8 
java_command: main.Main
java_class_path (initial): C:\Program Files\Java\jdk1.8.0_202\jre\lib\charsets.jar;C:\Program Files\Java\jdk1.8.0_202\jre\lib\deploy.jar;C:\Program Files\Java\jdk1.8.0_202\jre\lib\ext\access-bridge-64.jar;C:\Program Files\Java\jdk1.8.0_202\jre\lib\ext\cldrdata.jar;C:\Program Files\Java\jdk1.8.0_202\jre\lib\ext\dnsns.jar;C:\Program Files\Java\jdk1.8.0_202\jre\lib\ext\jaccess.jar;C:\Program Files\Java\jdk1.8.0_202\jre\lib\ext\jfxrt.jar;C:\Program Files\Java\jdk1.8.0_202\jre\lib\ext\localedata.jar;C:\Program Files\Java\jdk1.8.0_202\jre\lib\ext\nashorn.jar;C:\Program Files\Java\jdk1.8.0_202\jre\lib\ext\sunec.jar;C:\Program Files\Java\jdk1.8.0_202\jre\lib\ext\sunjce_provider.jar;C:\Program Files\Java\jdk1.8.0_202\jre\lib\ext\sunmscapi.jar;C:\Program Files\Java\jdk1.8.0_202\jre\lib\ext\sunpkcs11.jar;C:\Program Files\Java\jdk1.8.0_202\jre\lib\ext\zipfs.jar;C:\Program Files\Java\jdk1.8.0_202\jre\lib\javaws.jar;C:\Program Files\Java\jdk1.8.0_202\jre\lib\jce.jar;C:\Program Files\Java\jdk1.8.0_202\jre\lib\jfr.jar;C:\Program Files\Java\jdk1.8.0_202\jre\lib\jfxswt.jar;C:\Program Files\Java\jdk1.8.0_202\jre\lib\jsse.jar;C:\Program Files\Java\jdk1.8.0_202\jre\lib\management-agent.jar;C:\Program Files\Java\jdk1.8.0_202\jre\lib\plugin.jar;C:\Program Files\Java\jdk1.8.0_202\jre\lib\resources.jar;C:\Program Files\Java\jdk1.8.0_202\jre\lib\rt.jar;C:\Users\Denis\IdeaProjects\Game\out\production\Game;C:\Program Files\JetBrains\IntelliJ IDEA Community Edition 2019.1.3\lib\LWJGL 3.2.2\lwjgl-glfw-natives-windows.jar;C:\Program Files\JetBrains\IntelliJ IDEA Community Edition 2019.1.3\lib\LWJGL 3.2.2\lwjgl-glfw.jar;C:\Program Files\JetBrains\IntelliJ IDEA Community Edition 2019.1.3\lib\LWJGL 3.2.2\lwjgl-natives-windows.jar;C:\Program Files\JetBrains\IntelliJ IDEA Community Edition 2019.1.3\lib\LWJGL 3.2.2\lwjgl-opengl-natives-windows.jar;C:\Program Files\JetBrains\IntelliJ IDEA Community Edition 2019.1.3\lib\LWJGL 3.2.2\lwjgl-opengl.jar;C:\Program Files\JetBrains\IntelliJ IDEA Community Edi
Launcher Type: SUN_STANDARD

Environment Variables:
PATH=C:\Program Files (x86)\Common Files\Oracle\Java\javapath;C:\WINDOWS\system32;C:\WINDOWS;C:\WINDOWS\System32\Wbem;C:\WINDOWS\System32\WindowsPowerShell\v1.0\;C:\Program Files (x86)\NVIDIA Corporation\PhysX\Common;C:\Program Files\dotnet\;C:\Games\Git\cmd;C:\Users\Denis\AppData\Local\Programs\Python\Python36\Scripts\;C:\Users\Denis\AppData\Local\Programs\Python\Python36\;C:\adb;C:\WINDOWS\system32;C:\WINDOWS;C:\WINDOWS\System32\Wbem;C:\WINDOWS\System32\WindowsPowerShell\v1.0\;C:\WINDOWS\System32\OpenSSH\;C:\Program Files\NVIDIA Corporation\NVIDIA NvDLISR;C:\Program Files (x86)\Universal Extractor;C:\Program Files (x86)\Universal Extractor\bin;C:\Users\Denis\AppData\Local\Programs\Python\Python35-32\Scripts\;C:\Users\Denis\AppData\Local\Programs\Python\Python35-32\;C:\Users\Denis\AppData\Local\Programs\Python\Python36-32\Scripts\;C:\Users\Denis\AppData\Local\Programs\Python\Python36-32\;C:\Users\Denis\AppData\Local\Microsoft\WindowsApps;C:\Program Files\JetBrains\PyCharm Community Edition 2018.3.5\bin;;C:\MinGW\bin\;;C:\Program Files\JetBrains\IntelliJ IDEA Community Edition 2019.1.3\bin;
USERNAME=Denis
OS=Windows_NT
PROCESSOR_IDENTIFIER=Intel64 Family 6 Model 60 Stepping 3, GenuineIntel



---------------  S Y S T E M  ---------------

OS: Windows 10.0 , 64 bit Build 17134 (10.0.17134.1)

CPU:total 2 (initial active 2) (2 cores per cpu, 2 threads per core) family 6 model 60 stepping 3, cmov, cx8, fxsr, mmx, sse, sse2, sse3, ssse3, sse4.1, sse4.2, popcnt, avx, avx2, aes, clmul, erms, lzcnt, ht, tsc, tscinvbit, bmi1, bmi2

Memory: 4k page, physical 7823372k(3087748k free), swap 12279820k(5109704k free)

vm_info: Java HotSpot(TM) 64-Bit Server VM (25.202-b08) for windows-amd64 JRE (1.8.0_202-b08), built on Dec 15 2018 19:54:30 by "java_re" with MS VC++ 10.0 (VS2010)

time: Fri Jul 19 00:45:16 2019
timezone: RTZ 2 (зима)
elapsed time: 5 seconds (0d 0h 0m 5s)

