#
# A fatal error has been detected by the Java Runtime Environment:
#
#  EXCEPTION_ACCESS_VIOLATION (0xc0000005) at pc=0x00007ffdb3cc4edf, pid=12568, tid=0x0000000000001bac
#
# JRE version: Java(TM) SE Runtime Environment (8.0_202-b08) (build 1.8.0_202-b08)
# Java VM: Java HotSpot(TM) 64-Bit Server VM (25.202-b08 mixed mode windows-amd64 compressed oops)
# Problematic frame:
# C  [ntdll.dll+0x14edf]
#
# Failed to write core dump. Minidumps are not enabled by default on client versions of Windows
#
# If you would like to submit a bug report, please visit:
#   http://bugreport.java.com/bugreport/crash.jsp
# The crash happened outside the Java Virtual Machine in native code.
# See problematic frame for where to report the bug.
#

---------------  T H R E A D  ---------------

Current thread (0x0000000002e08000):  JavaThread "main" [_thread_in_native, id=7084, stack(0x0000000002b00000,0x0000000002c00000)]

siginfo: ExceptionCode=0xc0000005, reading address 0x0000000000000024

Registers:
RAX=0x0000000000000000, RBX=0x0000000000000000, RCX=0x00000000275f4055, RDX=0x0000000000000000
RSP=0x0000000002bff3c0, RBP=0x000000001e739070, RSI=0x0000000000000000, RDI=0x0000000000fe0000
R8 =0x000000001e739080, R9 =0x0000000000f69930, R10=0x0000000002f18c3b, R11=0x0000000052b6cf20
R12=0x0000000000000000, R13=0x0000000000000000, R14=0x0000000000000000, R15=0x0000000002e08000
RIP=0x00007ffdb3cc4edf, EFLAGS=0x0000000000010206

Top of Stack: (sp=0x0000000002bff3c0)
0x0000000002bff3c0:   0000000000000001 000000001e739080
0x0000000002bff3d0:   0000000002e08000 0000000002bff440
0x0000000002bff3e0:   0000000024ba0101 0000000002e08000
0x0000000002bff3f0:   0000000002e08000 0000000000000000
0x0000000002bff400:   0000000000000000 00007ffd856b7786
0x0000000002bff410:   0000000000fe0000 0000000000000001
0x0000000002bff420:   0000000000fe0000 000000001e739080
0x0000000002bff430:   0000000024ba8500 0000000052a6d814
0x0000000002bff440:   0000000002e08000 0000000002bff538
0x0000000002bff450:   0000000024ba8500 0000000000000000
0x0000000002bff460:   000000001e729080 00007ffd86be5218
0x0000000002bff470:   0000000024ba8500 0000000002e08000
0x0000000002bff480:   0000000002bff510 0000000000000010
0x0000000002bff490:   0000000024ba8500 0000000002f18c67
0x0000000002bff4a0:   0000000002e08000 0000000000000000
0x0000000002bff4b0:   0000000000000010 0000000002e08000 

Instructions: (pc=0x00007ffdb3cc4edf)
0x00007ffdb3cc4ebf:   4d 08 33 0d 89 85 14 00 33 cf 66 85 c9 0f 85 2b
0x00007ffdb3cc4ecf:   41 09 00 48 c1 e9 0c 48 8b c5 48 2b c1 48 8b 00
0x00007ffdb3cc4edf:   44 0f b7 40 24 0f b6 4d 0f 80 f9 05 0f 84 1e 41
0x00007ffdb3cc4eef:   09 00 f6 c1 40 0f 85 28 41 09 00 0f b6 c1 24 3f 


Register to memory mapping:

RAX=0x0000000000000000 is an unknown value
RBX=0x0000000000000000 is an unknown value
RCX=0x00000000275f4055 is an unknown value
RDX=0x0000000000000000 is an unknown value
RSP=0x0000000002bff3c0 is pointing into the stack for thread: 0x0000000002e08000
RBP=0x000000001e739070 is an unknown value
RSI=0x0000000000000000 is an unknown value
RDI=0x0000000000fe0000 is an unknown value
R8 =0x000000001e739080 is an unknown value
R9 =0x0000000000f69930 is an unknown value
R10=0x0000000002f18c3b is at code_begin+891 in an Interpreter codelet
method entry point (kind = native)  [0x0000000002f188c0, 0x0000000002f19280]  2496 bytes
R11=0x0000000052b6cf20 is an unknown value
R12=0x0000000000000000 is an unknown value
R13=0x0000000000000000 is an unknown value
R14=0x0000000000000000 is an unknown value
R15=0x0000000002e08000 is a thread


Stack: [0x0000000002b00000,0x0000000002c00000],  sp=0x0000000002bff3c0,  free space=1020k
Native frames: (J=compiled Java code, j=interpreted, Vv=VM code, C=native code)
C  [ntdll.dll+0x14edf]
C  [AcLayers.DLL+0x7786]
C  [lwjgl.dll+0x25218]
C  0x0000000002f18c67

Java frames: (J=compiled Java code, j=interpreted, Vv=VM code)
j  org.lwjgl.stb.STBImage.nstbi_image_free(J)V+0
j  org.lwjgl.stb.STBImage.stbi_image_free(Ljava/nio/ByteBuffer;)V+4
j  engine.util.Texture.destroy()V+4
j  main.Game.run()V+413
j  engine.Base.init()V+364
j  engine.Base.start()V+28
j  main.Main.main([Ljava/lang/String;)V+27
v  ~StubRoutines::call_stub

---------------  P R O C E S S  ---------------

Java Threads: ( => current thread )
  0x0000000018f71000 JavaThread "AWT-Windows" daemon [_thread_in_native, id=2260, stack(0x00000000198b0000,0x00000000199b0000)]
  0x0000000018ef6800 JavaThread "Java2D Disposer" daemon [_thread_blocked, id=12184, stack(0x0000000019650000,0x0000000019750000)]
  0x0000000018598000 JavaThread "Service Thread" daemon [_thread_blocked, id=11856, stack(0x0000000018b10000,0x0000000018c10000)]
  0x000000001856b000 JavaThread "C1 CompilerThread1" daemon [_thread_blocked, id=11500, stack(0x0000000018a10000,0x0000000018b10000)]
  0x000000001850a000 JavaThread "C2 CompilerThread0" daemon [_thread_blocked, id=12904, stack(0x0000000018910000,0x0000000018a10000)]
  0x0000000018506800 JavaThread "Monitor Ctrl-Break" daemon [_thread_in_native, id=11920, stack(0x0000000018810000,0x0000000018910000)]
  0x0000000017467800 JavaThread "Attach Listener" daemon [_thread_blocked, id=9276, stack(0x0000000018310000,0x0000000018410000)]
  0x0000000017464800 JavaThread "Signal Dispatcher" daemon [_thread_blocked, id=7296, stack(0x0000000018210000,0x0000000018310000)]
  0x00000000173fb800 JavaThread "Finalizer" daemon [_thread_blocked, id=6368, stack(0x0000000018010000,0x0000000018110000)]
  0x00000000173f2800 JavaThread "Reference Handler" daemon [_thread_blocked, id=9620, stack(0x0000000017f10000,0x0000000018010000)]
=>0x0000000002e08000 JavaThread "main" [_thread_in_native, id=7084, stack(0x0000000002b00000,0x0000000002c00000)]

Other Threads:
  0x00000000173c3000 VMThread [stack: 0x0000000017e10000,0x0000000017f10000] [id=13164]
  0x00000000185bf800 WatcherThread [stack: 0x0000000018c10000,0x0000000018d10000] [id=12148]

VM state:not at safepoint (normal execution)

VM Mutex/Monitor currently owned by a thread: None

heap address: 0x0000000088800000, size: 1912 MB, Compressed Oops mode: 32-bit
Narrow klass base: 0x0000000000000000, Narrow klass shift: 3
Compressed class space size: 1073741824 Address: 0x0000000100000000

Heap:
 PSYoungGen      total 35840K, used 7766K [0x00000000d8300000, 0x00000000dab00000, 0x0000000100000000)
  eden space 30720K, 8% used [0x00000000d8300000,0x00000000d85968c0,0x00000000da100000)
  from space 5120K, 99% used [0x00000000da100000,0x00000000da5fef68,0x00000000da600000)
  to   space 5120K, 0% used [0x00000000da600000,0x00000000da600000,0x00000000dab00000)
 ParOldGen       total 81920K, used 1340K [0x0000000088800000, 0x000000008d800000, 0x00000000d8300000)
  object space 81920K, 1% used [0x0000000088800000,0x000000008894f108,0x000000008d800000)
 Metaspace       used 13703K, capacity 13905K, committed 14208K, reserved 1062912K
  class space    used 1191K, capacity 1284K, committed 1408K, reserved 1048576K

Card table byte_map: [0x00000000122c0000,0x0000000012680000] byte_map_base: 0x0000000011e7c000

Marking Bits: (ParMarkBitMap*) 0x0000000053165ce0
 Begin Bits: [0x0000000012b00000, 0x00000000148e0000)
 End Bits:   [0x00000000148e0000, 0x00000000166c0000)

Polling page: 0x0000000000f30000

CodeCache: size=245760Kb used=3366Kb max_used=3377Kb free=242393Kb
 bounds [0x0000000002f00000, 0x0000000003250000, 0x0000000011f00000]
 total_blobs=1853 nmethods=826 adapters=940
 compilation: enabled

Compilation events (10 events):
Event: 6.614 Thread 0x000000001856b000  822       3       java.util.zip.ZipFile$ZipFileInflaterInputStream::finalize (5 bytes)
Event: 6.614 Thread 0x000000001856b000 nmethod 822 0x00000000032473d0 code [0x0000000003247540, 0x00000000032476e8]
Event: 6.614 Thread 0x000000001856b000  823       3       java.util.zip.ZipFile$ZipFileInputStream::finalize (5 bytes)
Event: 6.614 Thread 0x000000001856b000 nmethod 823 0x0000000003247790 code [0x0000000003247900, 0x0000000003247aa8]
Event: 6.616 Thread 0x000000001856b000  824 %     3       engine.model.Model::<init> @ 81 (124 bytes)
Event: 6.616 Thread 0x000000001856b000 nmethod 824% 0x0000000003247b50 code [0x0000000003247d80, 0x00000000032488a8]
Event: 6.617 Thread 0x000000001856b000  825       3       engine.model.Model::<init> (124 bytes)
Event: 6.617 Thread 0x000000001856b000 nmethod 825 0x0000000003248e50 code [0x0000000003249080, 0x0000000003249b28]
Event: 6.617 Thread 0x000000001850a000  826 %     4       engine.model.Model::<init> @ 81 (124 bytes)
Event: 6.620 Thread 0x000000001850a000 nmethod 826% 0x000000000324ce50 code [0x000000000324cfa0, 0x000000000324d198]

GC Heap History (2 events):
Event: 6.561 GC heap before
{Heap before GC invocations=1 (full 0):
 PSYoungGen      total 35840K, used 30324K [0x00000000d8300000, 0x00000000dab00000, 0x0000000100000000)
  eden space 30720K, 98% used [0x00000000d8300000,0x00000000da09d120,0x00000000da100000)
  from space 5120K, 0% used [0x00000000da600000,0x00000000da600000,0x00000000dab00000)
  to   space 5120K, 0% used [0x00000000da100000,0x00000000da100000,0x00000000da600000)
 ParOldGen       total 81920K, used 0K [0x0000000088800000, 0x000000008d800000, 0x00000000d8300000)
  object space 81920K, 0% used [0x0000000088800000,0x0000000088800000,0x000000008d800000)
 Metaspace       used 13690K, capacity 13905K, committed 14208K, reserved 1062912K
  class space    used 1191K, capacity 1284K, committed 1408K, reserved 1048576K
Event: 6.604 GC heap after
Heap after GC invocations=1 (full 0):
 PSYoungGen      total 35840K, used 5115K [0x00000000d8300000, 0x00000000dab00000, 0x0000000100000000)
  eden space 30720K, 0% used [0x00000000d8300000,0x00000000d8300000,0x00000000da100000)
  from space 5120K, 99% used [0x00000000da100000,0x00000000da5fef68,0x00000000da600000)
  to   space 5120K, 0% used [0x00000000da600000,0x00000000da600000,0x00000000dab00000)
 ParOldGen       total 81920K, used 1340K [0x0000000088800000, 0x000000008d800000, 0x00000000d8300000)
  object space 81920K, 1% used [0x0000000088800000,0x000000008894f108,0x000000008d800000)
 Metaspace       used 13690K, capacity 13905K, committed 14208K, reserved 1062912K
  class space    used 1191K, capacity 1284K, committed 1408K, reserved 1048576K
}

Deoptimization events (2 events):
Event: 1.455 Thread 0x0000000002e08000 Uncommon trap: reason=null_check action=make_not_entrant pc=0x0000000003091714 method=java.lang.String.equals(Ljava/lang/Object;)Z @ 8
Event: 6.621 Thread 0x0000000002e08000 Uncommon trap: reason=unstable_if action=reinterpret pc=0x000000000324d100 method=engine.model.Model.<init>([F[I)V @ 85

Classes redefined (0 events):
No events

Internal exceptions (10 events):
Event: 0.649 Thread 0x0000000002e08000 Exception <a 'java/security/PrivilegedActionException'> (0x00000000d857e410) thrown at [C:\re\workspace\8-2-build-windows-amd64-cygwin\jdk8u202\12323\hotspot\src\share\vm\prims\jvm.cpp, line 1502]
Event: 0.649 Thread 0x0000000002e08000 Exception <a 'java/security/PrivilegedActionException'> (0x00000000d857e620) thrown at [C:\re\workspace\8-2-build-windows-amd64-cygwin\jdk8u202\12323\hotspot\src\share\vm\prims\jvm.cpp, line 1502]
Event: 0.711 Thread 0x0000000002e08000 Exception <a 'java/io/FileNotFoundException'> (0x00000000d8591f58) thrown at [C:\re\workspace\8-2-build-windows-amd64-cygwin\jdk8u202\12323\hotspot\src\share\vm\prims\jni.cpp, line 710]
Event: 0.804 Thread 0x0000000002e08000 Exception <a 'java/lang/NoSuchFieldError': method resolution failed> (0x00000000d875bbe8) thrown at [C:\re\workspace\8-2-build-windows-amd64-cygwin\jdk8u202\12323\hotspot\src\share\vm\prims\methodHandles.cpp, line 1167]
Event: 0.813 Thread 0x0000000002e08000 Exception <a 'java/lang/NoSuchFieldError': method resolution failed> (0x00000000d8769a60) thrown at [C:\re\workspace\8-2-build-windows-amd64-cygwin\jdk8u202\12323\hotspot\src\share\vm\prims\methodHandles.cpp, line 1167]
Event: 0.912 Thread 0x0000000002e08000 Exception <a 'java/io/FileNotFoundException'> (0x00000000d88ca348) thrown at [C:\re\workspace\8-2-build-windows-amd64-cygwin\jdk8u202\12323\hotspot\src\share\vm\prims\jni.cpp, line 710]
Event: 1.455 Thread 0x0000000002e08000 Implicit null exception at 0x000000000309155b to 0x0000000003091705
Event: 1.542 Thread 0x0000000002e08000 Exception <a 'java/lang/NoSuchMethodError': java.lang.Object.lambda$static$0(Ljava/lang/String;)Ljava/lang/Boolean;> (0x00000000d8b69b58) thrown at [C:\re\workspace\8-2-build-windows-amd64-cygwin\jdk8u202\12323\hotspot\src\share\vm\interpreter\linkResolve
Event: 3.404 Thread 0x0000000002e08000 Exception <a 'sun/nio/fs/WindowsException'> (0x00000000d90797d0) thrown at [C:\re\workspace\8-2-build-windows-amd64-cygwin\jdk8u202\12323\hotspot\src\share\vm\prims\jni.cpp, line 710]
Event: 3.405 Thread 0x0000000002e08000 Exception <a 'sun/nio/fs/WindowsException'> (0x00000000d907b1d0) thrown at [C:\re\workspace\8-2-build-windows-amd64-cygwin\jdk8u202\12323\hotspot\src\share\vm\prims\jni.cpp, line 710]

Events (10 events):
Event: 6.609 Executing VM operation: RevokeBias done
Event: 6.609 Executing VM operation: RevokeBias
Event: 6.609 Executing VM operation: RevokeBias done
Event: 6.609 Executing VM operation: RevokeBias
Event: 6.609 Executing VM operation: RevokeBias done
Event: 6.620 Thread 0x0000000002e08000 DEOPT PACKING pc=0x000000000324871e sp=0x0000000002bff4a0
Event: 6.620 Thread 0x0000000002e08000 DEOPT UNPACKING pc=0x0000000002f47890 sp=0x0000000002bff230 mode 0
Event: 6.621 Thread 0x0000000002e08000 Uncommon trap: trap_request=0xffffff65 fr.pc=0x000000000324d100
Event: 6.621 Thread 0x0000000002e08000 DEOPT PACKING pc=0x000000000324d100 sp=0x0000000002bff4f0
Event: 6.621 Thread 0x0000000002e08000 DEOPT UNPACKING pc=0x0000000002f4583b sp=0x0000000002bff4b0 mode 2


Dynamic libraries:
0x00007ff7e3e60000 - 0x00007ff7e3e97000 	C:\Program Files\Java\jdk1.8.0_202\bin\java.exe
0x00007ffdb3cb0000 - 0x00007ffdb3e91000 	C:\WINDOWS\SYSTEM32\ntdll.dll
0x00007ffdb2fe0000 - 0x00007ffdb3092000 	C:\WINDOWS\System32\KERNEL32.DLL
0x00007ffdb0ac0000 - 0x00007ffdb0d33000 	C:\WINDOWS\System32\KERNELBASE.dll
0x00007ffdae340000 - 0x00007ffdae3cb000 	C:\WINDOWS\SYSTEM32\apphelp.dll
0x00007ffd856b0000 - 0x00007ffd85b3f000 	C:\WINDOWS\SYSTEM32\AcLayers.DLL
0x00007ffdb32d0000 - 0x00007ffdb336e000 	C:\WINDOWS\System32\msvcrt.dll
0x00007ffdb1880000 - 0x00007ffdb1a10000 	C:\WINDOWS\System32\USER32.dll
0x00007ffdb0050000 - 0x00007ffdb0070000 	C:\WINDOWS\System32\win32u.dll
0x00007ffdb1a10000 - 0x00007ffdb1a38000 	C:\WINDOWS\System32\GDI32.dll
0x00007ffdb0f70000 - 0x00007ffdb1102000 	C:\WINDOWS\System32\gdi32full.dll
0x00007ffdb0830000 - 0x00007ffdb08cf000 	C:\WINDOWS\System32\msvcp_win.dll
0x00007ffdb0d90000 - 0x00007ffdb0e8a000 	C:\WINDOWS\System32\ucrtbase.dll
0x00007ffdb3bf0000 - 0x00007ffdb3c41000 	C:\WINDOWS\System32\SHLWAPI.dll
0x00007ffdb11f0000 - 0x00007ffdb1513000 	C:\WINDOWS\System32\combase.dll
0x00007ffdb30b0000 - 0x00007ffdb31d4000 	C:\WINDOWS\System32\RPCRT4.dll
0x00007ffdb0ef0000 - 0x00007ffdb0f6a000 	C:\WINDOWS\System32\bcryptPrimitives.dll
0x00007ffdaa760000 - 0x00007ffdaa7e4000 	C:\WINDOWS\SYSTEM32\WINSPOOL.DRV
0x00007ffdb0010000 - 0x00007ffdb0021000 	C:\WINDOWS\System32\kernel.appcore.dll
0x00007ffdad9f0000 - 0x00007ffdadba4000 	C:\WINDOWS\SYSTEM32\PROPSYS.dll
0x00007ffdb17b0000 - 0x00007ffdb1872000 	C:\WINDOWS\System32\OLEAUT32.dll
0x00007ffdb3a30000 - 0x00007ffdb3ad9000 	C:\WINDOWS\System32\shcore.dll
0x00007ffdb3270000 - 0x00007ffdb32cb000 	C:\WINDOWS\System32\sechost.dll
0x00007ffdaf590000 - 0x00007ffdaf5c8000 	C:\WINDOWS\SYSTEM32\IPHLPAPI.DLL
0x00007ffdafaf0000 - 0x00007ffdafb15000 	C:\WINDOWS\SYSTEM32\bcrypt.dll
0x0000000000bc0000 - 0x0000000000bc3000 	C:\WINDOWS\SYSTEM32\sfc.dll
0x00007ffd95300000 - 0x00007ffd95313000 	C:\WINDOWS\SYSTEM32\sfc_os.DLL
0x00007ffdb1770000 - 0x00007ffdb179d000 	C:\WINDOWS\System32\IMM32.DLL
0x00007ffdb1520000 - 0x00007ffdb15c1000 	C:\WINDOWS\System32\ADVAPI32.dll
0x00007ffda8180000 - 0x00007ffda83e9000 	C:\WINDOWS\WinSxS\amd64_microsoft.windows.common-controls_6595b64144ccf1df_6.0.17134.1_none_e4da93291059d8fb\COMCTL32.dll
0x00000000531f0000 - 0x00000000532c2000 	C:\Program Files\Java\jdk1.8.0_202\jre\bin\msvcr100.dll
0x0000000052940000 - 0x00000000531e5000 	C:\Program Files\Java\jdk1.8.0_202\jre\bin\server\jvm.dll
0x00007ffdb30a0000 - 0x00007ffdb30a8000 	C:\WINDOWS\System32\PSAPI.DLL
0x00007ffd9ede0000 - 0x00007ffd9ede9000 	C:\WINDOWS\SYSTEM32\WSOCK32.dll
0x00007ffdb31e0000 - 0x00007ffdb324c000 	C:\WINDOWS\System32\WS2_32.dll
0x00007ffdae230000 - 0x00007ffdae253000 	C:\WINDOWS\SYSTEM32\WINMM.dll
0x00007ffdaaf30000 - 0x00007ffdaaf3a000 	C:\WINDOWS\SYSTEM32\VERSION.dll
0x00007ffdae200000 - 0x00007ffdae22a000 	C:\WINDOWS\SYSTEM32\WINMMBASE.dll
0x00007ffdb0d40000 - 0x00007ffdb0d89000 	C:\WINDOWS\System32\cfgmgr32.dll
0x00007ffda06d0000 - 0x00007ffda06df000 	C:\Program Files\Java\jdk1.8.0_202\jre\bin\verify.dll
0x00007ffd89fe0000 - 0x00007ffd8a009000 	C:\Program Files\Java\jdk1.8.0_202\jre\bin\java.dll
0x00007ffd99410000 - 0x00007ffd99433000 	C:\Program Files\Java\jdk1.8.0_202\jre\bin\instrument.dll
0x00007ffd9ef10000 - 0x00007ffd9ef26000 	C:\Program Files\Java\jdk1.8.0_202\jre\bin\zip.dll
0x00007ffdb1a40000 - 0x00007ffdb2e80000 	C:\WINDOWS\System32\SHELL32.dll
0x00007ffdb0120000 - 0x00007ffdb082d000 	C:\WINDOWS\System32\windows.storage.dll
0x00007ffdafff0000 - 0x00007ffdb000f000 	C:\WINDOWS\System32\profapi.dll
0x00007ffdaffa0000 - 0x00007ffdaffec000 	C:\WINDOWS\System32\powrprof.dll
0x00007ffdaff90000 - 0x00007ffdaff9a000 	C:\WINDOWS\System32\FLTLIB.DLL
0x00007ffd9ef90000 - 0x00007ffd9efaa000 	C:\Program Files\JetBrains\IntelliJ IDEA Community Edition 2019.1.3\bin\breakgen64.dll
0x00007ffd9ec40000 - 0x00007ffd9ec5a000 	C:\Program Files\Java\jdk1.8.0_202\jre\bin\net.dll
0x00007ffda22b0000 - 0x00007ffda247c000 	C:\WINDOWS\SYSTEM32\urlmon.dll
0x00007ffda2630000 - 0x00007ffda28d2000 	C:\WINDOWS\SYSTEM32\iertutil.dll
0x00007ffdaf9c0000 - 0x00007ffdaf9cb000 	C:\WINDOWS\SYSTEM32\CRYPTBASE.DLL
0x00007ffdaf810000 - 0x00007ffdaf876000 	C:\WINDOWS\system32\mswsock.dll
0x00007ffd85040000 - 0x00007ffd851d9000 	C:\Program Files\Java\jdk1.8.0_202\jre\bin\awt.dll
0x00007ffdae7d0000 - 0x00007ffdae7f9000 	C:\WINDOWS\system32\DWMAPI.DLL
0x00007ffdae5a0000 - 0x00007ffdae638000 	C:\WINDOWS\system32\uxtheme.dll
0x00007ffd85410000 - 0x00007ffd85530000 	C:\WINDOWS\system32\opengl32.dll
0x00007ffd98120000 - 0x00007ffd9814c000 	C:\WINDOWS\SYSTEM32\GLU32.dll
0x00007ffdb3370000 - 0x00007ffdb34e5000 	C:\WINDOWS\System32\MSCTF.dll
0x00007ffdb2e80000 - 0x00007ffdb2fd1000 	C:\WINDOWS\System32\ole32.dll
0x00007ffda8c80000 - 0x00007ffda8e17000 	C:\WINDOWS\system32\d3d9.dll
0x00007ffdaaf40000 - 0x00007ffdab02e000 	C:\WINDOWS\System32\DriverStore\FileRepository\nv_dispi.inf_amd64_eb70302dbb727c2d\nvldumdx.dll
0x00007ffdb08d0000 - 0x00007ffdb0ab2000 	C:\WINDOWS\System32\crypt32.dll
0x00007ffdb0030000 - 0x00007ffdb0042000 	C:\WINDOWS\System32\MSASN1.dll
0x00007ffdb0e90000 - 0x00007ffdb0ee7000 	C:\WINDOWS\System32\WINTRUST.DLL
0x00007ffdb3250000 - 0x00007ffdb326d000 	C:\WINDOWS\System32\imagehlp.dll
0x00007ffdaf9d0000 - 0x00007ffdaf9e7000 	C:\WINDOWS\SYSTEM32\CRYPTSP.dll
0x00007ffdaf3f0000 - 0x00007ffdaf423000 	C:\WINDOWS\system32\rsaenh.dll
0x00007ffd7b420000 - 0x00007ffd7c8b9000 	C:\WINDOWS\System32\DriverStore\FileRepository\nv_dispi.inf_amd64_eb70302dbb727c2d\nvd3dumx.dll
0x00007ffd84a40000 - 0x00007ffd84d06000 	C:\WINDOWS\system32\nvspcap64.dll
0x00007ffdaf080000 - 0x00007ffdaf0b1000 	C:\WINDOWS\SYSTEM32\ntmarta.dll
0x00007ffdaecd0000 - 0x00007ffdaecf2000 	C:\WINDOWS\SYSTEM32\gpapi.dll
0x00007ffda5510000 - 0x00007ffda553e000 	C:\WINDOWS\SYSTEM32\cryptnet.dll
0x00007ffd99350000 - 0x00007ffd99362000 	C:\Program Files\Java\jdk1.8.0_202\jre\bin\nio.dll
0x00007ffd86bc0000 - 0x00007ffd86c32000 	C:\Users\Denis\AppData\Local\Temp\lwjglDenis\3.2.2-build-10\lwjgl.dll
0x00007ffd89160000 - 0x00007ffd891be000 	C:\Users\Denis\AppData\Local\Temp\lwjglDenis\3.2.2-build-10\glfw.dll
0x00007ffd88f70000 - 0x00007ffd88fb3000 	C:\WINDOWS\SYSTEM32\dinput8.dll
0x00007ffd9ef40000 - 0x00007ffd9ef50000 	C:\WINDOWS\SYSTEM32\xinput1_4.dll
0x00007ffdafda0000 - 0x00007ffdafdc7000 	C:\WINDOWS\SYSTEM32\DEVOBJ.dll
0x00007ffdaecc0000 - 0x00007ffdaeccc000 	C:\WINDOWS\SYSTEM32\HID.DLL
0x00007ffdb35e0000 - 0x00007ffdb3a2b000 	C:\WINDOWS\System32\SETUPAPI.DLL
0x00007ffda3910000 - 0x00007ffda3989000 	C:\WINDOWS\SYSTEM32\inputhost.dll
0x00007ffdad910000 - 0x00007ffdad9ea000 	C:\WINDOWS\SYSTEM32\CoreMessaging.dll
0x00007ffdab150000 - 0x00007ffdab29d000 	C:\WINDOWS\SYSTEM32\wintypes.dll
0x00007ffdab310000 - 0x00007ffdab62e000 	C:\WINDOWS\SYSTEM32\CoreUIComponents.dll
0x00000000501f0000 - 0x0000000052936000 	C:\WINDOWS\System32\DriverStore\FileRepository\nv_dispi.inf_amd64_eb70302dbb727c2d\nvoglv64.dll
0x00007ffdae050000 - 0x00007ffdae063000 	C:\WINDOWS\SYSTEM32\WTSAPI32.dll
0x00007ffdaf0f0000 - 0x00007ffdaf146000 	C:\WINDOWS\SYSTEM32\WINSTA.dll
0x00007ffd85bd0000 - 0x00007ffd85c28000 	C:\Users\Denis\AppData\Local\Temp\lwjglDenis\3.2.2-build-10\lwjgl_opengl.dll
0x00007ffd84fc0000 - 0x00007ffd8503f000 	C:\Users\Denis\AppData\Local\Temp\lwjglDenis\3.2.2-build-10\lwjgl_stb.dll
0x00007ffd9c2d0000 - 0x00007ffd9c499000 	C:\WINDOWS\SYSTEM32\dbghelp.dll

VM Arguments:
jvm_args: -javaagent:C:\Program Files\JetBrains\IntelliJ IDEA Community Edition 2019.1.3\lib\idea_rt.jar=58900:C:\Program Files\JetBrains\IntelliJ IDEA Community Edition 2019.1.3\bin -Dfile.encoding=UTF-8 
java_command: main.Main
java_class_path (initial): C:\Program Files\Java\jdk1.8.0_202\jre\lib\charsets.jar;C:\Program Files\Java\jdk1.8.0_202\jre\lib\deploy.jar;C:\Program Files\Java\jdk1.8.0_202\jre\lib\ext\access-bridge-64.jar;C:\Program Files\Java\jdk1.8.0_202\jre\lib\ext\cldrdata.jar;C:\Program Files\Java\jdk1.8.0_202\jre\lib\ext\dnsns.jar;C:\Program Files\Java\jdk1.8.0_202\jre\lib\ext\jaccess.jar;C:\Program Files\Java\jdk1.8.0_202\jre\lib\ext\jfxrt.jar;C:\Program Files\Java\jdk1.8.0_202\jre\lib\ext\localedata.jar;C:\Program Files\Java\jdk1.8.0_202\jre\lib\ext\nashorn.jar;C:\Program Files\Java\jdk1.8.0_202\jre\lib\ext\sunec.jar;C:\Program Files\Java\jdk1.8.0_202\jre\lib\ext\sunjce_provider.jar;C:\Program Files\Java\jdk1.8.0_202\jre\lib\ext\sunmscapi.jar;C:\Program Files\Java\jdk1.8.0_202\jre\lib\ext\sunpkcs11.jar;C:\Program Files\Java\jdk1.8.0_202\jre\lib\ext\zipfs.jar;C:\Program Files\Java\jdk1.8.0_202\jre\lib\javaws.jar;C:\Program Files\Java\jdk1.8.0_202\jre\lib\jce.jar;C:\Program Files\Java\jdk1.8.0_202\jre\lib\jfr.jar;C:\Program Files\Java\jdk1.8.0_202\jre\lib\jfxswt.jar;C:\Program Files\Java\jdk1.8.0_202\jre\lib\jsse.jar;C:\Program Files\Java\jdk1.8.0_202\jre\lib\management-agent.jar;C:\Program Files\Java\jdk1.8.0_202\jre\lib\plugin.jar;C:\Program Files\Java\jdk1.8.0_202\jre\lib\resources.jar;C:\Program Files\Java\jdk1.8.0_202\jre\lib\rt.jar;C:\Users\Denis\IdeaProjects\Game\out\production\Game;C:\Program Files\JetBrains\IntelliJ IDEA Community Edition 2019.1.3\lib\LWJGL 3.2.2\lwjgl-glfw-natives-windows.jar;C:\Program Files\JetBrains\IntelliJ IDEA Community Edition 2019.1.3\lib\LWJGL 3.2.2\lwjgl-glfw.jar;C:\Program Files\JetBrains\IntelliJ IDEA Community Edition 2019.1.3\lib\LWJGL 3.2.2\lwjgl-natives-windows.jar;C:\Program Files\JetBrains\IntelliJ IDEA Community Edition 2019.1.3\lib\LWJGL 3.2.2\lwjgl-opengl-natives-windows.jar;C:\Program Files\JetBrains\IntelliJ IDEA Community Edition 2019.1.3\lib\LWJGL 3.2.2\lwjgl-opengl.jar;C:\Program Files\JetBrains\IntelliJ IDEA Community Edi
Launcher Type: SUN_STANDARD

Environment Variables:
PATH=C:\Program Files (x86)\Common Files\Oracle\Java\javapath;C:\WINDOWS\system32;C:\WINDOWS;C:\WINDOWS\System32\Wbem;C:\WINDOWS\System32\WindowsPowerShell\v1.0\;C:\Program Files (x86)\NVIDIA Corporation\PhysX\Common;C:\Program Files\dotnet\;C:\Games\Git\cmd;C:\Users\Denis\AppData\Local\Programs\Python\Python36\Scripts\;C:\Users\Denis\AppData\Local\Programs\Python\Python36\;C:\adb;C:\WINDOWS\system32;C:\WINDOWS;C:\WINDOWS\System32\Wbem;C:\WINDOWS\System32\WindowsPowerShell\v1.0\;C:\WINDOWS\System32\OpenSSH\;C:\Program Files\NVIDIA Corporation\NVIDIA NvDLISR;C:\Program Files (x86)\Universal Extractor;C:\Program Files (x86)\Universal Extractor\bin;C:\Users\Denis\AppData\Local\Programs\Python\Python35-32\Scripts\;C:\Users\Denis\AppData\Local\Programs\Python\Python35-32\;C:\Users\Denis\AppData\Local\Programs\Python\Python36-32\Scripts\;C:\Users\Denis\AppData\Local\Programs\Python\Python36-32\;C:\Users\Denis\AppData\Local\Microsoft\WindowsApps;C:\Program Files\JetBrains\PyCharm Community Edition 2018.3.5\bin;;C:\MinGW\bin\;;C:\Program Files\JetBrains\IntelliJ IDEA Community Edition 2019.1.3\bin;
USERNAME=Denis
OS=Windows_NT
PROCESSOR_IDENTIFIER=Intel64 Family 6 Model 60 Stepping 3, GenuineIntel



---------------  S Y S T E M  ---------------

OS: Windows 10.0 , 64 bit Build 17134 (10.0.17134.1)

CPU:total 2 (initial active 2) (2 cores per cpu, 2 threads per core) family 6 model 60 stepping 3, cmov, cx8, fxsr, mmx, sse, sse2, sse3, ssse3, sse4.1, sse4.2, popcnt, avx, avx2, aes, clmul, erms, lzcnt, ht, tsc, tscinvbit, bmi1, bmi2

Memory: 4k page, physical 7823372k(3082764k free), swap 12279820k(5133128k free)

vm_info: Java HotSpot(TM) 64-Bit Server VM (25.202-b08) for windows-amd64 JRE (1.8.0_202-b08), built on Dec 15 2018 19:54:30 by "java_re" with MS VC++ 10.0 (VS2010)

time: Fri Jul 19 00:45:40 2019
timezone: RTZ 2 (зима)
elapsed time: 6 seconds (0d 0h 0m 6s)

