#
# A fatal error has been detected by the Java Runtime Environment:
#
#  EXCEPTION_ACCESS_VIOLATION (0xc0000005) at pc=0x00000000193dfee9, pid=13420, tid=0x00000000000036e8
#
# JRE version: Java(TM) SE Runtime Environment (8.0_202-b08) (build 1.8.0_202-b08)
# Java VM: Java HotSpot(TM) 64-Bit Server VM (25.202-b08 mixed mode windows-amd64 compressed oops)
# Problematic frame:
# C  0x00000000193dfee9
#
# Failed to write core dump. Minidumps are not enabled by default on client versions of Windows
#
# If you would like to submit a bug report, please visit:
#   http://bugreport.java.com/bugreport/crash.jsp
# The crash happened outside the Java Virtual Machine in native code.
# See problematic frame for where to report the bug.
#

---------------  T H R E A D  ---------------

Current thread (0x00000000030b3800):  JavaThread "main" [_thread_in_native, id=14056, stack(0x0000000002dd0000,0x0000000002ed0000)]

siginfo: ExceptionCode=0xc0000005, reading address 0x0000000000000000

Registers:
RAX=0x000000001bda0000, RBX=0x0000000019300000, RCX=0x0000000000000000, RDX=0x000000002b980004
RSP=0x0000000002ece900, RBP=0x0000000000000000, RSI=0x0000000000000000, RDI=0x0000000000000000
R8 =0x000000002b980000, R9 =0x000000000001ffff, R10=0x00000000193836d8, R11=0x000000002b9ffffc
R12=0x00000000003fffe0, R13=0x000000000001ffff, R14=0x000000000001ffff, R15=0x000000001bda0000
RIP=0x00000000193dfee9, EFLAGS=0x0000000000010202

Top of Stack: (sp=0x0000000002ece900)
0x0000000002ece900:   0000000022b80638 0000000022a4e040
0x0000000002ece910:   0000000019300000 0000000000000000
0x0000000002ece920:   00000000243c6100 000000006b799793
0x0000000002ece930:   00000000003fffe0 000000000001ffff
0x0000000002ece940:   0000000000000000 0000000000000000
0x0000000002ece950:   0000000000000000 0000000000000000
0x0000000002ece960:   0000000000000000 0000000000000000
0x0000000002ece970:   0000000000000000 000000001bda0000
0x0000000002ece980:   0000000000000000 0000000000000000
0x0000000002ece990:   000000002b980000 000000000001ffff
0x0000000002ece9a0:   00000000193dfe40 0000000000000000
0x0000000002ece9b0:   0000000024424858 0000000022a4e040
0x0000000002ece9c0:   00000002031c0000 00000000244024d0
0x0000000002ece9d0:   0000000000000040 0000000000000000
0x0000000002ece9e0:   0000000000000000 0000000000000000
0x0000000002ece9f0:   0000000000000000 0000000000000000 

Instructions: (pc=0x00000000193dfee9)
0x00000000193dfec9:   0c 89 68 10 48 be f0 d3 35 19 00 00 00 00 48 8b
0x00000000193dfed9:   36 48 8b b6 98 03 00 00 48 8d 3c 49 48 8d 34 be
0x00000000193dfee9:   8b 3e 8b 6e 04 89 78 14 89 68 18 8b 7e 08 89 78
0x00000000193dfef9:   1c 48 83 c0 20 49 3b d3 0f 85 64 ff ff ff 48 8b 


Register to memory mapping:

RAX=0x000000001bda0000 is an unknown value
RBX=0x0000000019300000 is an unknown value
RCX=0x0000000000000000 is an unknown value
RDX=0x000000002b980004 is an unknown value
RSP=0x0000000002ece900 is pointing into the stack for thread: 0x00000000030b3800
RBP=0x0000000000000000 is an unknown value
RSI=0x0000000000000000 is an unknown value
RDI=0x0000000000000000 is an unknown value
R8 =0x000000002b980000 is an unknown value
R9 =0x000000000001ffff is an unknown value
R10=0x00000000193836d8 is an unknown value
R11=0x000000002b9ffffc is an unknown value
R12=0x00000000003fffe0 is an unknown value
R13=0x000000000001ffff is an unknown value
R14=0x000000000001ffff is an unknown value
R15=0x000000001bda0000 is an unknown value


Stack: [0x0000000002dd0000,0x0000000002ed0000],  sp=0x0000000002ece900,  free space=1018k
Native frames: (J=compiled Java code, j=interpreted, Vv=VM code, C=native code)

Java frames: (J=compiled Java code, j=interpreted, Vv=VM code)
j  org.lwjgl.opengl.GL11C.nglDrawElements(IIIJ)V+0
j  org.lwjgl.opengl.GL11C.glDrawElements(IIIJ)V+4
j  org.lwjgl.opengl.GL11.glDrawElements(IIIJ)V+4
j  engine.model.Model.render()V+183
j  main.Game.render()V+64
j  engine.Base.startRender()V+79
j  engine.Base.start()V+32
j  main.Main.main([Ljava/lang/String;)V+27
v  ~StubRoutines::call_stub

---------------  P R O C E S S  ---------------

Java Threads: ( => current thread )
  0x0000000018aab000 JavaThread "AWT-Windows" daemon [_thread_in_native, id=5348, stack(0x0000000019400000,0x0000000019500000)]
  0x0000000018aa5000 JavaThread "Java2D Disposer" daemon [_thread_blocked, id=3144, stack(0x0000000019100000,0x0000000019200000)]
  0x000000001876a800 JavaThread "Service Thread" daemon [_thread_blocked, id=14136, stack(0x0000000018dc0000,0x0000000018ec0000)]
  0x0000000018766000 JavaThread "C1 CompilerThread1" daemon [_thread_blocked, id=11928, stack(0x0000000018cc0000,0x0000000018dc0000)]
  0x000000001870d800 JavaThread "C2 CompilerThread0" daemon [_thread_in_native, id=2280, stack(0x0000000018bc0000,0x0000000018cc0000)]
  0x000000001870c000 JavaThread "Monitor Ctrl-Break" daemon [_thread_in_native, id=6728, stack(0x0000000018ac0000,0x0000000018bc0000)]
  0x0000000017695000 JavaThread "Attach Listener" daemon [_thread_blocked, id=10168, stack(0x00000000185c0000,0x00000000186c0000)]
  0x0000000017692000 JavaThread "Signal Dispatcher" daemon [_thread_blocked, id=6780, stack(0x00000000184c0000,0x00000000185c0000)]
  0x00000000031a3800 JavaThread "Finalizer" daemon [_thread_blocked, id=7324, stack(0x00000000182c0000,0x00000000183c0000)]
  0x0000000017678000 JavaThread "Reference Handler" daemon [_thread_blocked, id=13712, stack(0x00000000181c0000,0x00000000182c0000)]
=>0x00000000030b3800 JavaThread "main" [_thread_in_native, id=14056, stack(0x0000000002dd0000,0x0000000002ed0000)]

Other Threads:
  0x0000000017657000 VMThread [stack: 0x00000000180c0000,0x00000000181c0000] [id=12912]
  0x00000000187a2000 WatcherThread [stack: 0x0000000018ec0000,0x0000000018fc0000] [id=11392]

VM state:not at safepoint (normal execution)

VM Mutex/Monitor currently owned by a thread: None

heap address: 0x0000000088800000, size: 1912 MB, Compressed Oops mode: 32-bit
Narrow klass base: 0x0000000000000000, Narrow klass shift: 3
Compressed class space size: 1073741824 Address: 0x0000000100000000

Heap:
 PSYoungGen      total 130048K, used 130027K [0x00000000d8300000, 0x00000000e1300000, 0x0000000100000000)
  eden space 120320K, 100% used [0x00000000d8300000,0x00000000df880000,0x00000000df880000)
  from space 9728K, 99% used [0x00000000e0480000,0x00000000e0dfaee8,0x00000000e0e00000)
  to   space 12288K, 0% used [0x00000000df880000,0x00000000df880000,0x00000000e0480000)
 ParOldGen       total 81920K, used 6301K [0x0000000088800000, 0x000000008d800000, 0x00000000d8300000)
  object space 81920K, 7% used [0x0000000088800000,0x0000000088e276b0,0x000000008d800000)
 Metaspace       used 14018K, capacity 14217K, committed 14464K, reserved 1062912K
  class space    used 1199K, capacity 1284K, committed 1408K, reserved 1048576K

Card table byte_map: [0x0000000012570000,0x0000000012930000] byte_map_base: 0x000000001212c000

Marking Bits: (ParMarkBitMap*) 0x000000006da65ce0
 Begin Bits: [0x0000000012db0000, 0x0000000014b90000)
 End Bits:   [0x0000000014b90000, 0x0000000016970000)

Polling page: 0x00000000015a0000

CodeCache: size=245760Kb used=4264Kb max_used=4264Kb free=241495Kb
 bounds [0x00000000031b0000, 0x00000000035e0000, 0x00000000121b0000]
 total_blobs=2013 nmethods=982 adapters=944
 compilation: enabled

Compilation events (10 events):
Event: 8.721 Thread 0x0000000018766000 1009       3       engine.util.ObjLoader::toIntArray (41 bytes)
Event: 8.721 Thread 0x0000000018766000 nmethod 1009 0x00000000035d77d0 code [0x00000000035d7960, 0x00000000035d7ef8]
Event: 8.730 Thread 0x0000000018766000 1010       2       java.nio.ByteBuffer::<init> (45 bytes)
Event: 8.731 Thread 0x0000000018766000 nmethod 1010 0x00000000035aebd0 code [0x00000000035aed40, 0x00000000035aef08]
Event: 8.766 Thread 0x0000000018766000 1011 %     3       engine.model.Model::setColor @ 14 (57 bytes)
Event: 8.766 Thread 0x0000000018766000 nmethod 1011% 0x00000000035d8090 code [0x00000000035d8220, 0x00000000035d8668]
Event: 8.766 Thread 0x0000000018766000 1012       3       engine.model.Model::setColor (57 bytes)
Event: 8.766 Thread 0x0000000018766000 nmethod 1012 0x00000000035d8850 code [0x00000000035d89c0, 0x00000000035d8d68]
Event: 8.789 Thread 0x0000000018766000 1013       2       java.net.URLStreamHandler::toExternalForm (219 bytes)
Event: 8.792 Thread 0x0000000018766000 nmethod 1013 0x00000000035d8f10 code [0x00000000035d9160, 0x00000000035da7a8]

GC Heap History (10 events):
Event: 6.192 GC heap before
{Heap before GC invocations=2 (full 0):
 PSYoungGen      total 35840K, used 33524K [0x00000000d8300000, 0x00000000dab00000, 0x0000000100000000)
  eden space 30720K, 93% used [0x00000000d8300000,0x00000000d9eec7a0,0x00000000da100000)
  from space 5120K, 96% used [0x00000000da100000,0x00000000da5d0bc8,0x00000000da600000)
  to   space 5120K, 0% used [0x00000000da600000,0x00000000da600000,0x00000000dab00000)
 ParOldGen       total 81920K, used 0K [0x0000000088800000, 0x000000008d800000, 0x00000000d8300000)
  object space 81920K, 0% used [0x0000000088800000,0x0000000088800000,0x000000008d800000)
 Metaspace       used 13632K, capacity 13893K, committed 14208K, reserved 1062912K
  class space    used 1181K, capacity 1282K, committed 1408K, reserved 1048576K
Event: 6.203 GC heap after
Heap after GC invocations=2 (full 0):
 PSYoungGen      total 35840K, used 2705K [0x00000000d8300000, 0x00000000dc900000, 0x0000000100000000)
  eden space 30720K, 0% used [0x00000000d8300000,0x00000000d8300000,0x00000000da100000)
  from space 5120K, 52% used [0x00000000da600000,0x00000000da8a4698,0x00000000dab00000)
  to   space 5120K, 0% used [0x00000000da100000,0x00000000da100000,0x00000000da600000)
 ParOldGen       total 81920K, used 0K [0x0000000088800000, 0x000000008d800000, 0x00000000d8300000)
  object space 81920K, 0% used [0x0000000088800000,0x0000000088800000,0x000000008d800000)
 Metaspace       used 13632K, capacity 13893K, committed 14208K, reserved 1062912K
  class space    used 1181K, capacity 1282K, committed 1408K, reserved 1048576K
}
Event: 6.859 GC heap before
{Heap before GC invocations=3 (full 0):
 PSYoungGen      total 35840K, used 33425K [0x00000000d8300000, 0x00000000dc900000, 0x0000000100000000)
  eden space 30720K, 100% used [0x00000000d8300000,0x00000000da100000,0x00000000da100000)
  from space 5120K, 52% used [0x00000000da600000,0x00000000da8a4698,0x00000000dab00000)
  to   space 5120K, 0% used [0x00000000da100000,0x00000000da100000,0x00000000da600000)
 ParOldGen       total 81920K, used 0K [0x0000000088800000, 0x000000008d800000, 0x00000000d8300000)
  object space 81920K, 0% used [0x0000000088800000,0x0000000088800000,0x000000008d800000)
 Metaspace       used 13763K, capacity 13961K, committed 14208K, reserved 1062912K
  class space    used 1190K, capacity 1284K, committed 1408K, reserved 1048576K
Event: 6.882 GC heap after
Heap after GC invocations=3 (full 0):
 PSYoungGen      total 35840K, used 3501K [0x00000000d8300000, 0x00000000dc900000, 0x0000000100000000)
  eden space 30720K, 0% used [0x00000000d8300000,0x00000000d8300000,0x00000000da100000)
  from space 5120K, 68% used [0x00000000da100000,0x00000000da46b4b0,0x00000000da600000)
  to   space 5120K, 0% used [0x00000000dc400000,0x00000000dc400000,0x00000000dc900000)
 ParOldGen       total 81920K, used 0K [0x0000000088800000, 0x000000008d800000, 0x00000000d8300000)
  object space 81920K, 0% used [0x0000000088800000,0x0000000088800000,0x000000008d800000)
 Metaspace       used 13763K, capacity 13961K, committed 14208K, reserved 1062912K
  class space    used 1190K, capacity 1284K, committed 1408K, reserved 1048576K
}
Event: 7.147 GC heap before
{Heap before GC invocations=4 (full 0):
 PSYoungGen      total 35840K, used 34221K [0x00000000d8300000, 0x00000000dc900000, 0x0000000100000000)
  eden space 30720K, 100% used [0x00000000d8300000,0x00000000da100000,0x00000000da100000)
  from space 5120K, 68% used [0x00000000da100000,0x00000000da46b4b0,0x00000000da600000)
  to   space 5120K, 0% used [0x00000000dc400000,0x00000000dc400000,0x00000000dc900000)
 ParOldGen       total 81920K, used 0K [0x0000000088800000, 0x000000008d800000, 0x00000000d8300000)
  object space 81920K, 0% used [0x0000000088800000,0x0000000088800000,0x000000008d800000)
 Metaspace       used 13829K, capacity 14025K, committed 14208K, reserved 1062912K
  class space    used 1190K, capacity 1284K, committed 1408K, reserved 1048576K
Event: 7.174 GC heap after
Heap after GC invocations=4 (full 0):
 PSYoungGen      total 66560K, used 4733K [0x00000000d8300000, 0x00000000dc900000, 0x0000000100000000)
  eden space 61440K, 0% used [0x00000000d8300000,0x00000000d8300000,0x00000000dbf00000)
  from space 5120K, 92% used [0x00000000dc400000,0x00000000dc89f548,0x00000000dc900000)
  to   space 5120K, 0% used [0x00000000dbf00000,0x00000000dbf00000,0x00000000dc400000)
 ParOldGen       total 81920K, used 0K [0x0000000088800000, 0x000000008d800000, 0x00000000d8300000)
  object space 81920K, 0% used [0x0000000088800000,0x0000000088800000,0x000000008d800000)
 Metaspace       used 13829K, capacity 14025K, committed 14208K, reserved 1062912K
  class space    used 1190K, capacity 1284K, committed 1408K, reserved 1048576K
}
Event: 7.436 GC heap before
{Heap before GC invocations=5 (full 0):
 PSYoungGen      total 66560K, used 66173K [0x00000000d8300000, 0x00000000dc900000, 0x0000000100000000)
  eden space 61440K, 100% used [0x00000000d8300000,0x00000000dbf00000,0x00000000dbf00000)
  from space 5120K, 92% used [0x00000000dc400000,0x00000000dc89f548,0x00000000dc900000)
  to   space 5120K, 0% used [0x00000000dbf00000,0x00000000dbf00000,0x00000000dc400000)
 ParOldGen       total 81920K, used 0K [0x0000000088800000, 0x000000008d800000, 0x00000000d8300000)
  object space 81920K, 0% used [0x0000000088800000,0x0000000088800000,0x000000008d800000)
 Metaspace       used 13837K, capacity 14025K, committed 14208K, reserved 1062912K
  class space    used 1190K, capacity 1284K, committed 1408K, reserved 1048576K
Event: 7.876 GC heap after
Heap after GC invocations=5 (full 0):
 PSYoungGen      total 66560K, used 5096K [0x00000000d8300000, 0x00000000e0e00000, 0x0000000100000000)
  eden space 61440K, 0% used [0x00000000d8300000,0x00000000d8300000,0x00000000dbf00000)
  from space 5120K, 99% used [0x00000000dbf00000,0x00000000dc3fa168,0x00000000dc400000)
  to   space 9728K, 0% used [0x00000000e0480000,0x00000000e0480000,0x00000000e0e00000)
 ParOldGen       total 81920K, used 5029K [0x0000000088800000, 0x000000008d800000, 0x00000000d8300000)
  object space 81920K, 6% used [0x0000000088800000,0x0000000088ce96b0,0x000000008d800000)
 Metaspace       used 13837K, capacity 14025K, committed 14208K, reserved 1062912K
  class space    used 1190K, capacity 1284K, committed 1408K, reserved 1048576K
}
Event: 8.014 GC heap before
{Heap before GC invocations=6 (full 0):
 PSYoungGen      total 66560K, used 66531K [0x00000000d8300000, 0x00000000e0e00000, 0x0000000100000000)
  eden space 61440K, 99% used [0x00000000d8300000,0x00000000dbefec58,0x00000000dbf00000)
  from space 5120K, 99% used [0x00000000dbf00000,0x00000000dc3fa168,0x00000000dc400000)
  to   space 9728K, 0% used [0x00000000e0480000,0x00000000e0480000,0x00000000e0e00000)
 ParOldGen       total 81920K, used 5029K [0x0000000088800000, 0x000000008d800000, 0x00000000d8300000)
  object space 81920K, 6% used [0x0000000088800000,0x0000000088ce96b0,0x000000008d800000)
 Metaspace       used 13837K, capacity 14025K, committed 14208K, reserved 1062912K
  class space    used 1190K, capacity 1284K, committed 1408K, reserved 1048576K
Event: 8.103 GC heap after
Heap after GC invocations=6 (full 0):
 PSYoungGen      total 130048K, used 9707K [0x00000000d8300000, 0x00000000e1300000, 0x0000000100000000)
  eden space 120320K, 0% used [0x00000000d8300000,0x00000000d8300000,0x00000000df880000)
  from space 9728K, 99% used [0x00000000e0480000,0x00000000e0dfaee8,0x00000000e0e00000)
  to   space 12288K, 0% used [0x00000000df880000,0x00000000df880000,0x00000000e0480000)
 ParOldGen       total 81920K, used 6301K [0x0000000088800000, 0x000000008d800000, 0x00000000d8300000)
  object space 81920K, 7% used [0x0000000088800000,0x0000000088e276b0,0x000000008d800000)
 Metaspace       used 13837K, capacity 14025K, committed 14208K, reserved 1062912K
  class space    used 1190K, capacity 1284K, committed 1408K, reserved 1048576K
}

Deoptimization events (6 events):
Event: 1.359 Thread 0x00000000030b3800 Uncommon trap: reason=null_check action=make_not_entrant pc=0x000000000333b514 method=java.lang.String.equals(Ljava/lang/Object;)Z @ 8
Event: 6.092 Thread 0x00000000030b3800 Uncommon trap: reason=unstable_if action=reinterpret pc=0x00000000034fab04 method=engine.model.HeightMap.getIndices(II)[I @ 14
Event: 6.123 Thread 0x00000000030b3800 Uncommon trap: reason=unstable_if action=reinterpret pc=0x0000000003502e00 method=engine.model.Model.<init>([F[I)V @ 85
Event: 6.179 Thread 0x00000000030b3800 Uncommon trap: reason=unstable_if action=reinterpret pc=0x00000000034fc920 method=engine.model.HeightMap.getTextureCoordinates(II)[F @ 20
Event: 6.667 Thread 0x00000000030b3800 Uncommon trap: reason=unstable_if action=reinterpret pc=0x000000000351b39c method=java.io.BufferedReader.readLine(Z)Ljava/lang/String; @ 192
Event: 6.888 Thread 0x00000000030b3800 Uncommon trap: reason=unstable_if action=reinterpret pc=0x000000000354875c method=sun.misc.FloatingDecimal$ASCIIToBinaryBuffer.floatValue()F @ 70

Classes redefined (0 events):
No events

Internal exceptions (10 events):
Event: 0.405 Thread 0x00000000030b3800 Exception <a 'java/security/PrivilegedActionException'> (0x00000000d857e410) thrown at [C:\re\workspace\8-2-build-windows-amd64-cygwin\jdk8u202\12323\hotspot\src\share\vm\prims\jvm.cpp, line 1502]
Event: 0.405 Thread 0x00000000030b3800 Exception <a 'java/security/PrivilegedActionException'> (0x00000000d857e620) thrown at [C:\re\workspace\8-2-build-windows-amd64-cygwin\jdk8u202\12323\hotspot\src\share\vm\prims\jvm.cpp, line 1502]
Event: 0.423 Thread 0x00000000030b3800 Exception <a 'java/io/FileNotFoundException'> (0x00000000d8591ee8) thrown at [C:\re\workspace\8-2-build-windows-amd64-cygwin\jdk8u202\12323\hotspot\src\share\vm\prims\jni.cpp, line 710]
Event: 0.501 Thread 0x00000000030b3800 Exception <a 'java/lang/NoSuchFieldError': method resolution failed> (0x00000000d875bb78) thrown at [C:\re\workspace\8-2-build-windows-amd64-cygwin\jdk8u202\12323\hotspot\src\share\vm\prims\methodHandles.cpp, line 1167]
Event: 0.509 Thread 0x00000000030b3800 Exception <a 'java/lang/NoSuchFieldError': method resolution failed> (0x00000000d8769a80) thrown at [C:\re\workspace\8-2-build-windows-amd64-cygwin\jdk8u202\12323\hotspot\src\share\vm\prims\methodHandles.cpp, line 1167]
Event: 0.701 Thread 0x00000000030b3800 Exception <a 'java/io/FileNotFoundException'> (0x00000000d88ca408) thrown at [C:\re\workspace\8-2-build-windows-amd64-cygwin\jdk8u202\12323\hotspot\src\share\vm\prims\jni.cpp, line 710]
Event: 1.359 Thread 0x00000000030b3800 Implicit null exception at 0x000000000333b35b to 0x000000000333b505
Event: 1.477 Thread 0x00000000030b3800 Exception <a 'java/lang/NoSuchMethodError': java.lang.Object.lambda$static$0(Ljava/lang/String;)Ljava/lang/Boolean;> (0x00000000d8ca2c08) thrown at [C:\re\workspace\8-2-build-windows-amd64-cygwin\jdk8u202\12323\hotspot\src\share\vm\interpreter\linkResolve
Event: 4.168 Thread 0x00000000030b3800 Exception <a 'sun/nio/fs/WindowsException'> (0x00000000d918fad0) thrown at [C:\re\workspace\8-2-build-windows-amd64-cygwin\jdk8u202\12323\hotspot\src\share\vm\prims\jni.cpp, line 710]
Event: 4.169 Thread 0x00000000030b3800 Exception <a 'sun/nio/fs/WindowsException'> (0x00000000d91914d0) thrown at [C:\re\workspace\8-2-build-windows-amd64-cygwin\jdk8u202\12323\hotspot\src\share\vm\prims\jni.cpp, line 710]

Events (10 events):
Event: 8.789 loading class org/joml/Vector2dc
Event: 8.789 loading class org/joml/Vector2dc done
Event: 8.796 loading class org/joml/Vector4f
Event: 8.796 loading class org/joml/Vector4f done
Event: 8.797 loading class org/joml/Vector4fc
Event: 8.797 loading class org/joml/Vector4fc done
Event: 8.801 loading class org/joml/Matrix3f
Event: 8.801 loading class org/joml/Matrix3f done
Event: 8.802 loading class org/joml/Matrix3fc
Event: 8.802 loading class org/joml/Matrix3fc done


Dynamic libraries:
0x00007ff781b50000 - 0x00007ff781b87000 	C:\Program Files\Java\jdk1.8.0_202\bin\java.exe
0x00007ff976880000 - 0x00007ff976a61000 	C:\WINDOWS\SYSTEM32\ntdll.dll
0x00007ff974d30000 - 0x00007ff974de2000 	C:\WINDOWS\System32\KERNEL32.DLL
0x00007ff9737d0000 - 0x00007ff973a43000 	C:\WINDOWS\System32\KERNELBASE.dll
0x00007ff974f70000 - 0x00007ff975011000 	C:\WINDOWS\System32\ADVAPI32.dll
0x00007ff974100000 - 0x00007ff97419e000 	C:\WINDOWS\System32\msvcrt.dll
0x00007ff9767c0000 - 0x00007ff97681b000 	C:\WINDOWS\System32\sechost.dll
0x00007ff974780000 - 0x00007ff9748a4000 	C:\WINDOWS\System32\RPCRT4.dll
0x00007ff974a40000 - 0x00007ff974bd0000 	C:\WINDOWS\System32\USER32.dll
0x00007ff973500000 - 0x00007ff973520000 	C:\WINDOWS\System32\win32u.dll
0x00007ff9748b0000 - 0x00007ff9748d8000 	C:\WINDOWS\System32\GDI32.dll
0x00007ff9735d0000 - 0x00007ff973762000 	C:\WINDOWS\System32\gdi32full.dll
0x00007ff973a50000 - 0x00007ff973aef000 	C:\WINDOWS\System32\msvcp_win.dll
0x00007ff972c70000 - 0x00007ff972d6a000 	C:\WINDOWS\System32\ucrtbase.dll
0x00007ff96ad30000 - 0x00007ff96af99000 	C:\WINDOWS\WinSxS\amd64_microsoft.windows.common-controls_6595b64144ccf1df_6.0.17134.1_none_e4da93291059d8fb\COMCTL32.dll
0x00007ff973dd0000 - 0x00007ff9740f3000 	C:\WINDOWS\System32\combase.dll
0x00007ff973480000 - 0x00007ff9734fa000 	C:\WINDOWS\System32\bcryptPrimitives.dll
0x00007ff974750000 - 0x00007ff97477d000 	C:\WINDOWS\System32\IMM32.DLL
0x000000006daf0000 - 0x000000006dbc2000 	C:\Program Files\Java\jdk1.8.0_202\jre\bin\msvcr100.dll
0x000000006d240000 - 0x000000006dae5000 	C:\Program Files\Java\jdk1.8.0_202\jre\bin\server\jvm.dll
0x00007ff976600000 - 0x00007ff976608000 	C:\WINDOWS\System32\PSAPI.DLL
0x00007ff963600000 - 0x00007ff963609000 	C:\WINDOWS\SYSTEM32\WSOCK32.dll
0x00007ff973d60000 - 0x00007ff973dcc000 	C:\WINDOWS\System32\WS2_32.dll
0x00007ff970df0000 - 0x00007ff970e13000 	C:\WINDOWS\SYSTEM32\WINMM.dll
0x00007ff96d6e0000 - 0x00007ff96d6ea000 	C:\WINDOWS\SYSTEM32\VERSION.dll
0x00007ff970dc0000 - 0x00007ff970dea000 	C:\WINDOWS\SYSTEM32\WINMMBASE.dll
0x00007ff972c20000 - 0x00007ff972c69000 	C:\WINDOWS\System32\cfgmgr32.dll
0x00007ff96f040000 - 0x00007ff96f04f000 	C:\Program Files\Java\jdk1.8.0_202\jre\bin\verify.dll
0x00007ff963670000 - 0x00007ff963699000 	C:\Program Files\Java\jdk1.8.0_202\jre\bin\java.dll
0x00007ff963790000 - 0x00007ff9637b3000 	C:\Program Files\Java\jdk1.8.0_202\jre\bin\instrument.dll
0x00007ff963650000 - 0x00007ff963666000 	C:\Program Files\Java\jdk1.8.0_202\jre\bin\zip.dll
0x00007ff9751c0000 - 0x00007ff976600000 	C:\WINDOWS\System32\SHELL32.dll
0x00007ff974df0000 - 0x00007ff974e99000 	C:\WINDOWS\System32\shcore.dll
0x00007ff972d70000 - 0x00007ff97347d000 	C:\WINDOWS\System32\windows.storage.dll
0x00007ff9748e0000 - 0x00007ff974931000 	C:\WINDOWS\System32\shlwapi.dll
0x00007ff972b70000 - 0x00007ff972b81000 	C:\WINDOWS\System32\kernel.appcore.dll
0x00007ff972b90000 - 0x00007ff972baf000 	C:\WINDOWS\System32\profapi.dll
0x00007ff972bb0000 - 0x00007ff972bfc000 	C:\WINDOWS\System32\powrprof.dll
0x00007ff972b60000 - 0x00007ff972b6a000 	C:\WINDOWS\System32\FLTLIB.DLL
0x00007ff963770000 - 0x00007ff96378a000 	C:\Program Files\JetBrains\IntelliJ IDEA Community Edition 2019.1.3\bin\breakgen64.dll
0x00007ff963630000 - 0x00007ff96364a000 	C:\Program Files\Java\jdk1.8.0_202\jre\bin\net.dll
0x00007ff964e80000 - 0x00007ff96504c000 	C:\WINDOWS\SYSTEM32\urlmon.dll
0x00007ff965200000 - 0x00007ff9654a2000 	C:\WINDOWS\SYSTEM32\iertutil.dll
0x00007ff9725b0000 - 0x00007ff9725bb000 	C:\WINDOWS\SYSTEM32\CRYPTBASE.DLL
0x00007ff9723e0000 - 0x00007ff972446000 	C:\WINDOWS\system32\mswsock.dll
0x00007ff94ac70000 - 0x00007ff94ae09000 	C:\Program Files\Java\jdk1.8.0_202\jre\bin\awt.dll
0x00007ff974ea0000 - 0x00007ff974f62000 	C:\WINDOWS\System32\OLEAUT32.dll
0x00007ff970ee0000 - 0x00007ff970f6b000 	C:\WINDOWS\SYSTEM32\apphelp.dll
0x00007ff9712f0000 - 0x00007ff971319000 	C:\WINDOWS\system32\DWMAPI.DLL
0x00007ff971060000 - 0x00007ff9710f8000 	C:\WINDOWS\system32\uxtheme.dll
0x00007ff94ce90000 - 0x00007ff94cfb0000 	C:\WINDOWS\system32\opengl32.dll
0x00007ff963470000 - 0x00007ff96349c000 	C:\WINDOWS\SYSTEM32\GLU32.dll
0x00007ff976640000 - 0x00007ff9767b5000 	C:\WINDOWS\System32\MSCTF.dll
0x00007ff974bd0000 - 0x00007ff974d21000 	C:\WINDOWS\System32\ole32.dll
0x00007ff96bc70000 - 0x00007ff96be07000 	C:\WINDOWS\system32\d3d9.dll
0x00007ff96d6f0000 - 0x00007ff96d7de000 	C:\WINDOWS\System32\DriverStore\FileRepository\nv_dispi.inf_amd64_eb70302dbb727c2d\nvldumdx.dll
0x00007ff973af0000 - 0x00007ff973cd2000 	C:\WINDOWS\System32\crypt32.dll
0x00007ff972c00000 - 0x00007ff972c12000 	C:\WINDOWS\System32\MSASN1.dll
0x00007ff973770000 - 0x00007ff9737c7000 	C:\WINDOWS\System32\WINTRUST.DLL
0x00007ff976620000 - 0x00007ff97663d000 	C:\WINDOWS\System32\imagehlp.dll
0x00007ff972590000 - 0x00007ff9725a7000 	C:\WINDOWS\SYSTEM32\CRYPTSP.dll
0x00007ff971fc0000 - 0x00007ff971ff3000 	C:\WINDOWS\system32\rsaenh.dll
0x00007ff9726c0000 - 0x00007ff9726e5000 	C:\WINDOWS\SYSTEM32\bcrypt.dll
0x00007ff946630000 - 0x00007ff947ac9000 	C:\WINDOWS\System32\DriverStore\FileRepository\nv_dispi.inf_amd64_eb70302dbb727c2d\nvd3dumx.dll
0x00007ff94a9a0000 - 0x00007ff94ac66000 	C:\WINDOWS\system32\nvspcap64.dll
0x00007ff971c50000 - 0x00007ff971c81000 	C:\WINDOWS\SYSTEM32\ntmarta.dll
0x00007ff9718a0000 - 0x00007ff9718c2000 	C:\WINDOWS\SYSTEM32\gpapi.dll
0x00007ff96a890000 - 0x00007ff96a8be000 	C:\WINDOWS\SYSTEM32\cryptnet.dll
0x00007ff963610000 - 0x00007ff963622000 	C:\Program Files\Java\jdk1.8.0_202\jre\bin\nio.dll
0x00007ff94ef90000 - 0x00007ff94f002000 	C:\Users\Denis\AppData\Local\Temp\lwjglDenis\3.2.2-build-10\lwjgl.dll
0x00007ff94ce30000 - 0x00007ff94ce8e000 	C:\Users\Denis\AppData\Local\Temp\lwjglDenis\3.2.2-build-10\glfw.dll
0x00007ff963720000 - 0x00007ff963763000 	C:\WINDOWS\SYSTEM32\dinput8.dll
0x00007ff960c30000 - 0x00007ff960c40000 	C:\WINDOWS\SYSTEM32\xinput1_4.dll
0x00007ff972970000 - 0x00007ff972997000 	C:\WINDOWS\SYSTEM32\DEVOBJ.dll
0x00007ff971890000 - 0x00007ff97189c000 	C:\WINDOWS\SYSTEM32\HID.DLL
0x00007ff9741a0000 - 0x00007ff9745eb000 	C:\WINDOWS\System32\SETUPAPI.DLL
0x00007ff9664e0000 - 0x00007ff966559000 	C:\WINDOWS\SYSTEM32\inputhost.dll
0x00007ff9704e0000 - 0x00007ff9705ba000 	C:\WINDOWS\SYSTEM32\CoreMessaging.dll
0x00007ff96d970000 - 0x00007ff96dc8e000 	C:\WINDOWS\SYSTEM32\CoreUIComponents.dll
0x00007ff96e520000 - 0x00007ff96e66d000 	C:\WINDOWS\SYSTEM32\wintypes.dll
0x000000006aaf0000 - 0x000000006d236000 	C:\WINDOWS\System32\DriverStore\FileRepository\nv_dispi.inf_amd64_eb70302dbb727c2d\nvoglv64.dll
0x00007ff970c40000 - 0x00007ff970c53000 	C:\WINDOWS\SYSTEM32\WTSAPI32.dll
0x00007ff971cc0000 - 0x00007ff971d16000 	C:\WINDOWS\SYSTEM32\WINSTA.dll
0x00007ff94c820000 - 0x00007ff94c878000 	C:\Users\Denis\AppData\Local\Temp\lwjglDenis\3.2.2-build-10\lwjgl_opengl.dll
0x00007ff94aed0000 - 0x00007ff94af4f000 	C:\Users\Denis\AppData\Local\Temp\lwjglDenis\3.2.2-build-10\lwjgl_stb.dll
0x00007ff95f040000 - 0x00007ff95f209000 	C:\WINDOWS\SYSTEM32\dbghelp.dll

VM Arguments:
jvm_args: -javaagent:C:\Program Files\JetBrains\IntelliJ IDEA Community Edition 2019.1.3\lib\idea_rt.jar=52029:C:\Program Files\JetBrains\IntelliJ IDEA Community Edition 2019.1.3\bin -Dfile.encoding=UTF-8 
java_command: main.Main
java_class_path (initial): C:\Program Files\Java\jdk1.8.0_202\jre\lib\charsets.jar;C:\Program Files\Java\jdk1.8.0_202\jre\lib\deploy.jar;C:\Program Files\Java\jdk1.8.0_202\jre\lib\ext\access-bridge-64.jar;C:\Program Files\Java\jdk1.8.0_202\jre\lib\ext\cldrdata.jar;C:\Program Files\Java\jdk1.8.0_202\jre\lib\ext\dnsns.jar;C:\Program Files\Java\jdk1.8.0_202\jre\lib\ext\jaccess.jar;C:\Program Files\Java\jdk1.8.0_202\jre\lib\ext\jfxrt.jar;C:\Program Files\Java\jdk1.8.0_202\jre\lib\ext\localedata.jar;C:\Program Files\Java\jdk1.8.0_202\jre\lib\ext\nashorn.jar;C:\Program Files\Java\jdk1.8.0_202\jre\lib\ext\sunec.jar;C:\Program Files\Java\jdk1.8.0_202\jre\lib\ext\sunjce_provider.jar;C:\Program Files\Java\jdk1.8.0_202\jre\lib\ext\sunmscapi.jar;C:\Program Files\Java\jdk1.8.0_202\jre\lib\ext\sunpkcs11.jar;C:\Program Files\Java\jdk1.8.0_202\jre\lib\ext\zipfs.jar;C:\Program Files\Java\jdk1.8.0_202\jre\lib\javaws.jar;C:\Program Files\Java\jdk1.8.0_202\jre\lib\jce.jar;C:\Program Files\Java\jdk1.8.0_202\jre\lib\jfr.jar;C:\Program Files\Java\jdk1.8.0_202\jre\lib\jfxswt.jar;C:\Program Files\Java\jdk1.8.0_202\jre\lib\jsse.jar;C:\Program Files\Java\jdk1.8.0_202\jre\lib\management-agent.jar;C:\Program Files\Java\jdk1.8.0_202\jre\lib\plugin.jar;C:\Program Files\Java\jdk1.8.0_202\jre\lib\resources.jar;C:\Program Files\Java\jdk1.8.0_202\jre\lib\rt.jar;C:\Users\Denis\IdeaProjects\Game\out\production\Game;C:\Program Files\JetBrains\IntelliJ IDEA Community Edition 2019.1.3\lib\LWJGL 3.2.2\lwjgl-glfw-natives-windows.jar;C:\Program Files\JetBrains\IntelliJ IDEA Community Edition 2019.1.3\lib\LWJGL 3.2.2\lwjgl-glfw.jar;C:\Program Files\JetBrains\IntelliJ IDEA Community Edition 2019.1.3\lib\LWJGL 3.2.2\lwjgl-natives-windows.jar;C:\Program Files\JetBrains\IntelliJ IDEA Community Edition 2019.1.3\lib\LWJGL 3.2.2\lwjgl-opengl-natives-windows.jar;C:\Program Files\JetBrains\IntelliJ IDEA Community Edition 2019.1.3\lib\LWJGL 3.2.2\lwjgl-opengl.jar;C:\Program Files\JetBrains\IntelliJ IDEA Community Edi
Launcher Type: SUN_STANDARD

Environment Variables:
PATH=C:\Program Files (x86)\Common Files\Oracle\Java\javapath;C:\WINDOWS\system32;C:\WINDOWS;C:\WINDOWS\System32\Wbem;C:\WINDOWS\System32\WindowsPowerShell\v1.0\;C:\Program Files (x86)\NVIDIA Corporation\PhysX\Common;C:\Program Files\dotnet\;C:\Games\Git\cmd;C:\Users\Denis\AppData\Local\Programs\Python\Python36\Scripts\;C:\Users\Denis\AppData\Local\Programs\Python\Python36\;C:\adb;C:\WINDOWS\system32;C:\WINDOWS;C:\WINDOWS\System32\Wbem;C:\WINDOWS\System32\WindowsPowerShell\v1.0\;C:\WINDOWS\System32\OpenSSH\;C:\Program Files\NVIDIA Corporation\NVIDIA NvDLISR;C:\Program Files (x86)\Universal Extractor;C:\Program Files (x86)\Universal Extractor\bin;C:\Users\Denis\AppData\Local\Programs\Python\Python35-32\Scripts\;C:\Users\Denis\AppData\Local\Programs\Python\Python35-32\;C:\Users\Denis\AppData\Local\Programs\Python\Python36-32\Scripts\;C:\Users\Denis\AppData\Local\Programs\Python\Python36-32\;C:\Users\Denis\AppData\Local\Microsoft\WindowsApps;C:\Program Files\JetBrains\PyCharm Community Edition 2018.3.5\bin;;C:\MinGW\bin\;;C:\Program Files\JetBrains\IntelliJ IDEA Community Edition 2019.1.3\bin;
USERNAME=Denis
OS=Windows_NT
PROCESSOR_IDENTIFIER=Intel64 Family 6 Model 60 Stepping 3, GenuineIntel



---------------  S Y S T E M  ---------------

OS: Windows 10.0 , 64 bit Build 17134 (10.0.17134.1)

CPU:total 2 (initial active 2) (2 cores per cpu, 2 threads per core) family 6 model 60 stepping 3, cmov, cx8, fxsr, mmx, sse, sse2, sse3, ssse3, sse4.1, sse4.2, popcnt, avx, avx2, aes, clmul, erms, lzcnt, ht, tsc, tscinvbit, bmi1, bmi2

Memory: 4k page, physical 7823372k(2687440k free), swap 11385564k(3303244k free)

vm_info: Java HotSpot(TM) 64-Bit Server VM (25.202-b08) for windows-amd64 JRE (1.8.0_202-b08), built on Dec 15 2018 19:54:30 by "java_re" with MS VC++ 10.0 (VS2010)

time: Thu Jul 25 02:52:39 2019
timezone: RTZ 2 (зима)
elapsed time: 8 seconds (0d 0h 0m 8s)

